#
# There is insufficient memory for the Java Runtime Environment to continue.
# Native memory allocation (malloc) failed to allocate 1049136 bytes. Error detail: Chunk::new
# Possible reasons:
#   The system is out of physical RAM or swap space
#   This process is running with CompressedOops enabled, and the Java Heap may be blocking the growth of the native heap
# Possible solutions:
#   Reduce memory load on the system
#   Increase physical memory or swap space
#   Check if swap backing store is full
#   Decrease Java heap size (-Xmx/-Xms)
#   Decrease number of Java threads
#   Decrease Java thread stack sizes (-Xss)
#   Set larger code cache with -XX:ReservedCodeCacheSize=
#   JVM is running with Unscaled Compressed Oops mode in which the Java heap is
#     placed in the first 4GB address space. The Java Heap base address is the
#     maximum limit for the native heap growth. Please use -XX:HeapBaseMinAddress
#     to set the Java Heap base and to place the Java Heap above 4GB virtual address.
# This output file may be truncated or incomplete.
#
#  Out of Memory Error (arena.cpp:168), pid=22140, tid=21968
#
# JRE version: OpenJDK Runtime Environment Temurin-21.0.7+6 (21.0.7+6) (build 21.0.7+6-LTS)
# Java VM: OpenJDK 64-Bit Server VM Temurin-21.0.7+6 (21.0.7+6-LTS, mixed mode, sharing, tiered, compressed oops, compressed class ptrs, parallel gc, windows-amd64)
# No core dump will be written. Minidumps are not enabled by default on client versions of Windows
#

---------------  S U M M A R Y ------------

Command Line: --add-modules=ALL-SYSTEM --add-opens=java.base/java.util=ALL-UNNAMED --add-opens=java.base/java.lang=ALL-UNNAMED --add-opens=java.base/sun.nio.fs=ALL-UNNAMED -Declipse.application=org.eclipse.jdt.ls.core.id1 -Dosgi.bundles.defaultStartLevel=4 -Declipse.product=org.eclipse.jdt.ls.core.product -Djava.import.generatesMetadataFilesAtProjectRoot=false -DDetectVMInstallationsJob.disabled=true -Dfile.encoding=utf8 -XX:+UseParallelGC -XX:GCTimeRatio=4 -XX:AdaptiveSizePolicyWeight=90 -Dsun.zip.disableMemoryMapping=true -Xmx2G -Xms100m -Xlog:disable -javaagent:c:\Users\Phu\.vscode\extensions\redhat.java-1.43.1-win32-x64\lombok\lombok-1.18.39-4050.jar -XX:+HeapDumpOnOutOfMemoryError -XX:HeapDumpPath=c:\Users\Phu\AppData\Roaming\Code\User\workspaceStorage\a4df0ab0de8a8e70f8b7bdd6c0e9afb4\redhat.java -Daether.dependencyCollector.impl=bf c:\Users\Phu\.vscode\extensions\redhat.java-1.43.1-win32-x64\server\plugins\org.eclipse.equinox.launcher_1.7.0.v20250519-0528.jar -configuration c:\Users\Phu\AppData\Roaming\Code\User\globalStorage\redhat.java\1.43.1\config_win -data c:\Users\Phu\AppData\Roaming\Code\User\workspaceStorage\a4df0ab0de8a8e70f8b7bdd6c0e9afb4\redhat.java\jdt_ws --pipe=\\.\pipe\lsp-49ad3931ec22907ac567c3651be0c7fc-sock

Host: 11th Gen Intel(R) Core(TM) i5-11400H @ 2.70GHz, 12 cores, 7G,  Windows 11 , 64 bit Build 26100 (10.0.26100.4484)
Time: Wed Jul 23 00:59:21 2025 SE Asia Standard Time elapsed time: 25.348687 seconds (0d 0h 0m 25s)

---------------  T H R E A D  ---------------

Current thread (0x000001cf7d579fc0):  JavaThread "C2 CompilerThread0" daemon [_thread_in_native, id=21968, stack(0x0000005f96700000,0x0000005f96800000) (1024K)]


Current CompileTask:
C2:25348 10594   !   4       org.eclipse.jdt.internal.core.search.indexing.BinaryIndexer::indexDocument (1168 bytes)

Stack: [0x0000005f96700000,0x0000005f96800000]
Native frames: (J=compiled Java code, j=interpreted, Vv=VM code, C=native code)
V  [jvm.dll+0x6ce119]
V  [jvm.dll+0x8a84a1]
V  [jvm.dll+0x8aa9ce]
V  [jvm.dll+0x8ab0b3]
V  [jvm.dll+0x27f8a6]
V  [jvm.dll+0xc507d]
V  [jvm.dll+0xc55b3]
V  [jvm.dll+0x2f2c6d]
V  [jvm.dll+0x5f6bca]
V  [jvm.dll+0x250cb2]
V  [jvm.dll+0x25106f]
V  [jvm.dll+0x249934]
V  [jvm.dll+0x246fc4]
V  [jvm.dll+0x1c760e]
V  [jvm.dll+0x25695a]
V  [jvm.dll+0x254efa]
V  [jvm.dll+0x3f03f6]
V  [jvm.dll+0x851f6b]
V  [jvm.dll+0x6cc7dd]
C  [ucrtbase.dll+0x37b0]
C  [KERNEL32.DLL+0x2e8d7]
C  [ntdll.dll+0x3c34c]


---------------  P R O C E S S  ---------------

Threads class SMR info:
_java_thread_list=0x000001cf06a36a30, length=51, elements={
0x000001cf2248b550, 0x000001cf248933a0, 0x000001cf2479b3f0, 0x000001cf24899c90,
0x000001cf2489f7e0, 0x000001cf2489e9d0, 0x000001cf248a5520, 0x000001cf7d579fc0,
0x000001cf7d59a670, 0x000001cf7d658e50, 0x000001cf7d8be260, 0x000001cf7ee2e850,
0x000001cf7e5160a0, 0x000001cf7d911290, 0x000001cf7d912100, 0x000001cf7f6754a0,
0x000001cf7f3d9db0, 0x000001cf7ef493a0, 0x000001cf7ef48d10, 0x000001cf7ef49a30,
0x000001cf7ef46c40, 0x000001cf7ef47960, 0x000001cf7ef465b0, 0x000001cf7ef472d0,
0x000001cf7ef48680, 0x000001cf0400c310, 0x000001cf0400c9a0, 0x000001cf0400d6c0,
0x000001cf0400a8d0, 0x000001cf0400af60, 0x000001cf0400dd50, 0x000001cf0400b5f0,
0x000001cf0400bc80, 0x000001cf0400d030, 0x000001cf0408e160, 0x000001cf0408fba0,
0x000001cf04091c70, 0x000001cf04090230, 0x000001cf040908c0, 0x000001cf0408ee80,
0x000001cf0408e7f0, 0x000001cf04090f50, 0x000001cf040915e0, 0x000001cf04092300,
0x000001cf04092990, 0x000001cf0408f510, 0x000001cf04093020, 0x000001cf04093d40,
0x000001cf040950f0, 0x000001cf04094a60, 0x000001cf040936b0
}

Java Threads: ( => current thread )
  0x000001cf2248b550 JavaThread "main"                              [_thread_blocked, id=21816, stack(0x0000005f95d00000,0x0000005f95e00000) (1024K)]
  0x000001cf248933a0 JavaThread "Reference Handler"          daemon [_thread_blocked, id=22524, stack(0x0000005f96100000,0x0000005f96200000) (1024K)]
  0x000001cf2479b3f0 JavaThread "Finalizer"                  daemon [_thread_blocked, id=22196, stack(0x0000005f96200000,0x0000005f96300000) (1024K)]
  0x000001cf24899c90 JavaThread "Signal Dispatcher"          daemon [_thread_blocked, id=2992, stack(0x0000005f96300000,0x0000005f96400000) (1024K)]
  0x000001cf2489f7e0 JavaThread "Attach Listener"            daemon [_thread_blocked, id=21136, stack(0x0000005f96400000,0x0000005f96500000) (1024K)]
  0x000001cf2489e9d0 JavaThread "Service Thread"             daemon [_thread_blocked, id=21360, stack(0x0000005f96500000,0x0000005f96600000) (1024K)]
  0x000001cf248a5520 JavaThread "Monitor Deflation Thread"   daemon [_thread_blocked, id=22064, stack(0x0000005f96600000,0x0000005f96700000) (1024K)]
=>0x000001cf7d579fc0 JavaThread "C2 CompilerThread0"         daemon [_thread_in_native, id=21968, stack(0x0000005f96700000,0x0000005f96800000) (1024K)]
  0x000001cf7d59a670 JavaThread "C1 CompilerThread0"         daemon [_thread_blocked, id=21792, stack(0x0000005f96800000,0x0000005f96900000) (1024K)]
  0x000001cf7d658e50 JavaThread "Common-Cleaner"             daemon [_thread_blocked, id=21472, stack(0x0000005f96900000,0x0000005f96a00000) (1024K)]
  0x000001cf7d8be260 JavaThread "Notification Thread"        daemon [_thread_blocked, id=2308, stack(0x0000005f96c00000,0x0000005f96d00000) (1024K)]
  0x000001cf7ee2e850 JavaThread "Active Thread: Equinox Container: a177552d-6086-488b-b308-71d84572df88"        [_thread_blocked, id=17648, stack(0x0000005f97300000,0x0000005f97400000) (1024K)]
  0x000001cf7e5160a0 JavaThread "Refresh Thread: Equinox Container: a177552d-6086-488b-b308-71d84572df88" daemon [_thread_blocked, id=15764, stack(0x0000005f97500000,0x0000005f97600000) (1024K)]
  0x000001cf7d911290 JavaThread "Framework Event Dispatcher: Equinox Container: a177552d-6086-488b-b308-71d84572df88" daemon [_thread_blocked, id=2000, stack(0x0000005f97600000,0x0000005f97700000) (1024K)]
  0x000001cf7d912100 JavaThread "Start Level: Equinox Container: a177552d-6086-488b-b308-71d84572df88" daemon [_thread_blocked, id=388, stack(0x0000005f97700000,0x0000005f97800000) (1024K)]
  0x000001cf7f6754a0 JavaThread "Bundle File Closer"         daemon [_thread_blocked, id=8332, stack(0x0000005f97a00000,0x0000005f97b00000) (1024K)]
  0x000001cf7f3d9db0 JavaThread "SCR Component Actor"        daemon [_thread_blocked, id=3864, stack(0x0000005f97b00000,0x0000005f97c00000) (1024K)]
  0x000001cf7ef493a0 JavaThread "Worker-JM"                         [_thread_blocked, id=11784, stack(0x0000005f97d00000,0x0000005f97e00000) (1024K)]
  0x000001cf7ef48d10 JavaThread "Worker-0: Java indexing... "        [_thread_blocked, id=14280, stack(0x0000005f97e00000,0x0000005f97f00000) (1024K)]
  0x000001cf7ef49a30 JavaThread "Worker-1"                          [_thread_blocked, id=19776, stack(0x0000005f97f00000,0x0000005f98000000) (1024K)]
  0x000001cf7ef46c40 JavaThread "Java indexing"              daemon [_thread_in_Java, id=20440, stack(0x0000005f96b00000,0x0000005f96c00000) (1024K)]
  0x000001cf7ef47960 JavaThread "JNA Cleaner"                daemon [_thread_blocked, id=19832, stack(0x0000005f98000000,0x0000005f98100000) (1024K)]
  0x000001cf7ef465b0 JavaThread "Worker-2"                          [_thread_blocked, id=11396, stack(0x0000005f98100000,0x0000005f98200000) (1024K)]
  0x000001cf7ef472d0 JavaThread "Worker-3"                          [_thread_blocked, id=17692, stack(0x0000005f98400000,0x0000005f98500000) (1024K)]
  0x000001cf7ef48680 JavaThread "Worker-4"                          [_thread_blocked, id=14472, stack(0x0000005f98500000,0x0000005f98600000) (1024K)]
  0x000001cf0400c310 JavaThread "Worker-5: Initialize Workspace"        [_thread_in_native, id=20648, stack(0x0000005f98600000,0x0000005f98700000) (1024K)]
  0x000001cf0400c9a0 JavaThread "Thread-2"                   daemon [_thread_in_native, id=20748, stack(0x0000005f98700000,0x0000005f98800000) (1024K)]
  0x000001cf0400d6c0 JavaThread "Thread-3"                   daemon [_thread_in_native, id=4220, stack(0x0000005f98800000,0x0000005f98900000) (1024K)]
  0x000001cf0400a8d0 JavaThread "Thread-4"                   daemon [_thread_in_native, id=8748, stack(0x0000005f98900000,0x0000005f98a00000) (1024K)]
  0x000001cf0400af60 JavaThread "Thread-5"                   daemon [_thread_in_native, id=13568, stack(0x0000005f98a00000,0x0000005f98b00000) (1024K)]
  0x000001cf0400dd50 JavaThread "Thread-6"                   daemon [_thread_in_native, id=12876, stack(0x0000005f98b00000,0x0000005f98c00000) (1024K)]
  0x000001cf0400b5f0 JavaThread "Thread-7"                   daemon [_thread_in_native, id=4480, stack(0x0000005f98c00000,0x0000005f98d00000) (1024K)]
  0x000001cf0400bc80 JavaThread "Thread-8"                   daemon [_thread_in_native, id=20392, stack(0x0000005f98d00000,0x0000005f98e00000) (1024K)]
  0x000001cf0400d030 JavaThread "Thread-9"                   daemon [_thread_in_native, id=20772, stack(0x0000005f98e00000,0x0000005f98f00000) (1024K)]
  0x000001cf0408e160 JavaThread "Thread-10"                  daemon [_thread_in_native, id=12364, stack(0x0000005f98f00000,0x0000005f99000000) (1024K)]
  0x000001cf0408fba0 JavaThread "Thread-11"                  daemon [_thread_in_native, id=20324, stack(0x0000005f99000000,0x0000005f99100000) (1024K)]
  0x000001cf04091c70 JavaThread "Thread-12"                  daemon [_thread_in_native, id=19656, stack(0x0000005f99100000,0x0000005f99200000) (1024K)]
  0x000001cf04090230 JavaThread "Thread-13"                  daemon [_thread_in_native, id=18324, stack(0x0000005f99200000,0x0000005f99300000) (1024K)]
  0x000001cf040908c0 JavaThread "Thread-14"                  daemon [_thread_in_native, id=14944, stack(0x0000005f99300000,0x0000005f99400000) (1024K)]
  0x000001cf0408ee80 JavaThread "pool-2-thread-1"                   [_thread_blocked, id=14656, stack(0x0000005f99400000,0x0000005f99500000) (1024K)]
  0x000001cf0408e7f0 JavaThread "Worker-6: Synchronizing projects"        [_thread_blocked, id=21528, stack(0x0000005f99500000,0x0000005f99600000) (1024K)]
  0x000001cf04090f50 JavaThread "WorkspaceEventsHandler"            [_thread_blocked, id=21640, stack(0x0000005f99700000,0x0000005f99800000) (1024K)]
  0x000001cf040915e0 JavaThread "pool-1-thread-1"                   [_thread_blocked, id=10480, stack(0x0000005f99800000,0x0000005f99900000) (1024K)]
  0x000001cf04092300 JavaThread "LocalFile Deleter"          daemon [_thread_blocked, id=9484, stack(0x0000005f99900000,0x0000005f99a00000) (1024K)]
  0x000001cf04092990 JavaThread "LocalFile Deleter"          daemon [_thread_blocked, id=19844, stack(0x0000005f99a00000,0x0000005f99b00000) (1024K)]
  0x000001cf0408f510 JavaThread "LocalFile Deleter"          daemon [_thread_blocked, id=18556, stack(0x0000005f99b00000,0x0000005f99c00000) (1024K)]
  0x000001cf04093020 JavaThread "LocalFile Deleter"          daemon [_thread_blocked, id=20688, stack(0x0000005f99c00000,0x0000005f99d00000) (1024K)]
  0x000001cf04093d40 JavaThread "LocalFile Deleter"          daemon [_thread_blocked, id=17712, stack(0x0000005f99d00000,0x0000005f99e00000) (1024K)]
  0x000001cf040950f0 JavaThread "LocalFile Deleter"          daemon [_thread_blocked, id=14640, stack(0x0000005f99e00000,0x0000005f99f00000) (1024K)]
  0x000001cf04094a60 JavaThread "LocalFile Deleter"          daemon [_thread_blocked, id=18816, stack(0x0000005f99f00000,0x0000005f9a000000) (1024K)]
  0x000001cf040936b0 JavaThread "LocalFile Deleter"          daemon [_thread_blocked, id=7208, stack(0x0000005f9a000000,0x0000005f9a100000) (1024K)]
Total: 51

Other Threads:
  0x000001cf22461d90 VMThread "VM Thread"                           [id=19696, stack(0x0000005f96000000,0x0000005f96100000) (1024K)]
  0x000001cf2467c950 WatcherThread "VM Periodic Task Thread"        [id=22496, stack(0x0000005f95f00000,0x0000005f96000000) (1024K)]
  0x000001cf224624d0 WorkerThread "GC Thread#0"                     [id=22180, stack(0x0000005f95e00000,0x0000005f95f00000) (1024K)]
  0x000001cf224612b0 WorkerThread "GC Thread#1"                     [id=8124, stack(0x0000005f96d00000,0x0000005f96e00000) (1024K)]
  0x000001cf22461650 WorkerThread "GC Thread#2"                     [id=20036, stack(0x0000005f96e00000,0x0000005f96f00000) (1024K)]
  0x000001cf7e9e2ce0 WorkerThread "GC Thread#3"                     [id=22208, stack(0x0000005f96f00000,0x0000005f97000000) (1024K)]
  0x000001cf7e9e1380 WorkerThread "GC Thread#4"                     [id=22252, stack(0x0000005f97000000,0x0000005f97100000) (1024K)]
  0x000001cf7e9dfa20 WorkerThread "GC Thread#5"                     [id=22108, stack(0x0000005f97100000,0x0000005f97200000) (1024K)]
  0x000001cf7e9df680 WorkerThread "GC Thread#6"                     [id=17744, stack(0x0000005f97200000,0x0000005f97300000) (1024K)]
  0x000001cf7e9e1720 WorkerThread "GC Thread#7"                     [id=22072, stack(0x0000005f97400000,0x0000005f97500000) (1024K)]
  0x000001cf7e9e08a0 WorkerThread "GC Thread#8"                     [id=22296, stack(0x0000005f97800000,0x0000005f97900000) (1024K)]
  0x000001cf7e9e25a0 WorkerThread "GC Thread#9"                     [id=22340, stack(0x0000005f97900000,0x0000005f97a00000) (1024K)]
Total: 12

Threads with active compile tasks:
C2 CompilerThread0  25370 10594   !   4       org.eclipse.jdt.internal.core.search.indexing.BinaryIndexer::indexDocument (1168 bytes)
Total: 1

VM state: not at safepoint (normal execution)

VM Mutex/Monitor currently owned by a thread: None

Heap address: 0x0000000080000000, size: 2048 MB, Compressed Oops mode: 32-bit

CDS archive(s) mapped at: [0x000001cf3c000000-0x000001cf3cba0000-0x000001cf3cba0000), size 12189696, SharedBaseAddress: 0x000001cf3c000000, ArchiveRelocationMode: 1.
Compressed class space mapped at: 0x000001cf3d000000-0x000001cf7d000000, reserved size: 1073741824
Narrow klass base: 0x000001cf3c000000, Narrow klass shift: 0, Narrow klass range: 0x100000000

GC Precious Log:
 CardTable entry size: 512
 CPUs: 12 total, 12 available
 Memory: 7971M
 Large Page Support: Disabled
 NUMA Support: Disabled
 Compressed Oops: Enabled (32-bit)
 Alignments: Space 512K, Generation 512K, Heap 2M
 Heap Min Capacity: 100M
 Heap Initial Capacity: 100M
 Heap Max Capacity: 2G
 Pre-touch: Disabled
 Parallel Workers: 10

Heap:
 PSYoungGen      total 4096K, used 2974K [0x00000000d5580000, 0x00000000d5b80000, 0x0000000100000000)
  eden space 3072K, 74% used [0x00000000d5580000,0x00000000d57b8aa8,0x00000000d5880000)
  from space 1024K, 71% used [0x00000000d5980000,0x00000000d5a36008,0x00000000d5a80000)
  to   space 1024K, 0% used [0x00000000d5880000,0x00000000d5880000,0x00000000d5980000)
 ParOldGen       total 407040K, used 406548K [0x0000000080000000, 0x0000000098d80000, 0x00000000d5580000)
  object space 407040K, 99% used [0x0000000080000000,0x0000000098d05338,0x0000000098d80000)
 Metaspace       used 57285K, committed 58688K, reserved 1114112K
  class space    used 6027K, committed 6656K, reserved 1048576K

Card table byte_map: [0x000001cf24190000,0x000001cf245a0000] _byte_map_base: 0x000001cf23d90000

Marking Bits: (ParMarkBitMap*) 0x00007ff9c03531f0
 Begin Bits: [0x000001cf36c90000, 0x000001cf38c90000)
 End Bits:   [0x000001cf38c90000, 0x000001cf3ac90000)

Polling page: 0x000001cf22600000

Metaspace:

Usage:
  Non-class:     50.06 MB used.
      Class:      5.89 MB used.
       Both:     55.94 MB used.

Virtual space:
  Non-class space:       64.00 MB reserved,      50.81 MB ( 79%) committed,  1 nodes.
      Class space:        1.00 GB reserved,       6.50 MB ( <1%) committed,  1 nodes.
             Both:        1.06 GB reserved,      57.31 MB (  5%) committed. 

Chunk freelists:
   Non-Class:  13.07 MB
       Class:  9.37 MB
        Both:  22.44 MB

MaxMetaspaceSize: unlimited
CompressedClassSpaceSize: 1.00 GB
Initial GC threshold: 21.00 MB
Current GC threshold: 58.38 MB
CDS: on
 - commit_granule_bytes: 65536.
 - commit_granule_words: 8192.
 - virtual_space_node_default_size: 8388608.
 - enlarge_chunks_in_place: 1.
 - use_allocation_guard: 0.


Internal statistics:

num_allocs_failed_limit: 6.
num_arena_births: 1058.
num_arena_deaths: 14.
num_vsnodes_births: 2.
num_vsnodes_deaths: 0.
num_space_committed: 917.
num_space_uncommitted: 0.
num_chunks_returned_to_freelist: 20.
num_chunks_taken_from_freelist: 3670.
num_chunk_merges: 10.
num_chunk_splits: 2302.
num_chunks_enlarged: 1367.
num_inconsistent_stats: 0.

CodeHeap 'non-profiled nmethods': size=120000Kb used=7943Kb max_used=7943Kb free=112056Kb
 bounds [0x000001cf2f4b0000, 0x000001cf2fc80000, 0x000001cf369e0000]
CodeHeap 'profiled nmethods': size=120000Kb used=21452Kb max_used=21452Kb free=98547Kb
 bounds [0x000001cf279e0000, 0x000001cf28ee0000, 0x000001cf2ef10000]
CodeHeap 'non-nmethods': size=5760Kb used=1420Kb max_used=1508Kb free=4339Kb
 bounds [0x000001cf2ef10000, 0x000001cf2f180000, 0x000001cf2f4b0000]
 total_blobs=10803 nmethods=10082 adapters=627
 compilation: enabled
              stopped_count=0, restarted_count=0
 full_count=0

Compilation events (20 events):
Event: 24.308 Thread 0x000001cf7ea2d1a0 nmethod 10651 0x000001cf2fc6e690 code [0x000001cf2fc6e820, 0x000001cf2fc6e8f0]
Event: 24.308 Thread 0x000001cf7ea2d1a0 10645       4       java.lang.Class::getComponentType (14 bytes)
Event: 24.308 Thread 0x000001cf7d59a670 nmethod 10663 0x000001cf28ec0690 code [0x000001cf28ec0940, 0x000001cf28ec15a0]
Event: 24.308 Thread 0x000001cf7d59a670 10665       3       java.util.Properties$EntrySet::size (10 bytes)
Event: 24.308 Thread 0x000001cf7d59a670 nmethod 10665 0x000001cf28ec1a10 code [0x000001cf28ec1bc0, 0x000001cf28ec1d98]
Event: 24.308 Thread 0x000001cf7d59a670 10664       3       org.eclipse.core.internal.jobs.OrderedLock::release (60 bytes)
Event: 24.308 Thread 0x000001cf7ea2d1a0 nmethod 10645 0x000001cf2fc6e990 code [0x000001cf2fc6eb20, 0x000001cf2fc6ebd0]
Event: 24.308 Thread 0x000001cf7ea2d1a0 10634   !   4       java.util.zip.ZipFile::getInputStream (275 bytes)
Event: 24.308 Thread 0x000001cf7d59a670 nmethod 10664 0x000001cf28ec1e90 code [0x000001cf28ec20a0, 0x000001cf28ec2538]
Event: 24.308 Thread 0x000001cf7d59a670 10666       3       org.eclipse.core.internal.jobs.DeadlockDetector::resizeGraph (93 bytes)
Event: 24.309 Thread 0x000001cf7d59a670 nmethod 10666 0x000001cf28ec2710 code [0x000001cf28ec28e0, 0x000001cf28ec2e00]
Event: 24.313 Thread 0x000001cf7d59a670 10668       1       org.eclipse.core.internal.localstore.BucketTree::getCurrent (5 bytes)
Event: 24.313 Thread 0x000001cf7d59a670 nmethod 10668 0x000001cf2fc6f110 code [0x000001cf2fc6f2a0, 0x000001cf2fc6f368]
Event: 24.314 Thread 0x000001cf7d59a670 10669   !   3       org.eclipse.core.internal.jobs.LockManager::addLockThread (53 bytes)
Event: 24.315 Thread 0x000001cf7d59a670 nmethod 10669 0x000001cf28ec3010 code [0x000001cf28ec3220, 0x000001cf28ec3688]
Event: 24.315 Thread 0x000001cf7d59a670 10670   !   3       org.eclipse.core.internal.jobs.LockManager::removeLockThread (53 bytes)
Event: 24.315 Thread 0x000001cf7d59a670 nmethod 10670 0x000001cf28ec3910 code [0x000001cf28ec3b20, 0x000001cf28ec3f88]
Event: 24.322 Thread 0x000001cf7d59a670 10671   !   3       org.eclipse.core.internal.jobs.LockManager::aboutToRelease (24 bytes)
Event: 24.323 Thread 0x000001cf7d59a670 nmethod 10671 0x000001cf28ec4210 code [0x000001cf28ec43e0, 0x000001cf28ec4608]
Event: 24.334 Thread 0x000001cf7ea2d1a0 nmethod 10634 0x000001cf2fc6f410 code [0x000001cf2fc6f6e0, 0x000001cf2fc71000]

GC Heap History (20 events):
Event: 24.268 GC heap after
{Heap after GC invocations=407 (full 2):
 PSYoungGen      total 3072K, used 492K [0x00000000d5580000, 0x00000000d5980000, 0x0000000100000000)
  eden space 2560K, 0% used [0x00000000d5580000,0x00000000d5580000,0x00000000d5800000)
  from space 512K, 96% used [0x00000000d5880000,0x00000000d58fb008,0x00000000d5900000)
  to   space 512K, 0% used [0x00000000d5900000,0x00000000d5900000,0x00000000d5980000)
 ParOldGen       total 403456K, used 403083K [0x0000000080000000, 0x0000000098a00000, 0x00000000d5580000)
  object space 403456K, 99% used [0x0000000080000000,0x00000000989a2d20,0x0000000098a00000)
 Metaspace       used 57242K, committed 58688K, reserved 1114112K
  class space    used 6027K, committed 6656K, reserved 1048576K
}
Event: 24.272 GC heap before
{Heap before GC invocations=408 (full 2):
 PSYoungGen      total 3072K, used 3052K [0x00000000d5580000, 0x00000000d5980000, 0x0000000100000000)
  eden space 2560K, 99% used [0x00000000d5580000,0x00000000d57ffff8,0x00000000d5800000)
  from space 512K, 96% used [0x00000000d5880000,0x00000000d58fb008,0x00000000d5900000)
  to   space 512K, 0% used [0x00000000d5900000,0x00000000d5900000,0x00000000d5980000)
 ParOldGen       total 403456K, used 403083K [0x0000000080000000, 0x0000000098a00000, 0x00000000d5580000)
  object space 403456K, 99% used [0x0000000080000000,0x00000000989a2d20,0x0000000098a00000)
 Metaspace       used 57244K, committed 58688K, reserved 1114112K
  class space    used 6027K, committed 6656K, reserved 1048576K
}
Event: 24.273 GC heap after
{Heap after GC invocations=408 (full 2):
 PSYoungGen      total 3072K, used 384K [0x00000000d5580000, 0x00000000d5980000, 0x0000000100000000)
  eden space 2560K, 0% used [0x00000000d5580000,0x00000000d5580000,0x00000000d5800000)
  from space 512K, 75% used [0x00000000d5900000,0x00000000d5960000,0x00000000d5980000)
  to   space 512K, 0% used [0x00000000d5880000,0x00000000d5880000,0x00000000d5900000)
 ParOldGen       total 403968K, used 403527K [0x0000000080000000, 0x0000000098a80000, 0x00000000d5580000)
  object space 403968K, 99% used [0x0000000080000000,0x0000000098a11d28,0x0000000098a80000)
 Metaspace       used 57244K, committed 58688K, reserved 1114112K
  class space    used 6027K, committed 6656K, reserved 1048576K
}
Event: 24.279 GC heap before
{Heap before GC invocations=409 (full 2):
 PSYoungGen      total 3072K, used 2944K [0x00000000d5580000, 0x00000000d5980000, 0x0000000100000000)
  eden space 2560K, 100% used [0x00000000d5580000,0x00000000d5800000,0x00000000d5800000)
  from space 512K, 75% used [0x00000000d5900000,0x00000000d5960000,0x00000000d5980000)
  to   space 512K, 0% used [0x00000000d5880000,0x00000000d5880000,0x00000000d5900000)
 ParOldGen       total 403968K, used 403527K [0x0000000080000000, 0x0000000098a80000, 0x00000000d5580000)
  object space 403968K, 99% used [0x0000000080000000,0x0000000098a11d28,0x0000000098a80000)
 Metaspace       used 57262K, committed 58688K, reserved 1114112K
  class space    used 6027K, committed 6656K, reserved 1048576K
}
Event: 24.280 GC heap after
{Heap after GC invocations=409 (full 2):
 PSYoungGen      total 3072K, used 448K [0x00000000d5580000, 0x00000000d5980000, 0x0000000100000000)
  eden space 2560K, 0% used [0x00000000d5580000,0x00000000d5580000,0x00000000d5800000)
  from space 512K, 87% used [0x00000000d5880000,0x00000000d58f0000,0x00000000d5900000)
  to   space 512K, 0% used [0x00000000d5900000,0x00000000d5900000,0x00000000d5980000)
 ParOldGen       total 403968K, used 403735K [0x0000000080000000, 0x0000000098a80000, 0x00000000d5580000)
  object space 403968K, 99% used [0x0000000080000000,0x0000000098a45d28,0x0000000098a80000)
 Metaspace       used 57262K, committed 58688K, reserved 1114112K
  class space    used 6027K, committed 6656K, reserved 1048576K
}
Event: 24.286 GC heap before
{Heap before GC invocations=410 (full 2):
 PSYoungGen      total 3072K, used 3008K [0x00000000d5580000, 0x00000000d5980000, 0x0000000100000000)
  eden space 2560K, 100% used [0x00000000d5580000,0x00000000d5800000,0x00000000d5800000)
  from space 512K, 87% used [0x00000000d5880000,0x00000000d58f0000,0x00000000d5900000)
  to   space 512K, 0% used [0x00000000d5900000,0x00000000d5900000,0x00000000d5980000)
 ParOldGen       total 403968K, used 403735K [0x0000000080000000, 0x0000000098a80000, 0x00000000d5580000)
  object space 403968K, 99% used [0x0000000080000000,0x0000000098a45d28,0x0000000098a80000)
 Metaspace       used 57262K, committed 58688K, reserved 1114112K
  class space    used 6027K, committed 6656K, reserved 1048576K
}
Event: 24.287 GC heap after
{Heap after GC invocations=410 (full 2):
 PSYoungGen      total 3072K, used 480K [0x00000000d5580000, 0x00000000d5980000, 0x0000000100000000)
  eden space 2560K, 0% used [0x00000000d5580000,0x00000000d5580000,0x00000000d5800000)
  from space 512K, 93% used [0x00000000d5900000,0x00000000d5978000,0x00000000d5980000)
  to   space 512K, 0% used [0x00000000d5880000,0x00000000d5880000,0x00000000d5900000)
 ParOldGen       total 404480K, used 403991K [0x0000000080000000, 0x0000000098b00000, 0x00000000d5580000)
  object space 404480K, 99% used [0x0000000080000000,0x0000000098a85d28,0x0000000098b00000)
 Metaspace       used 57262K, committed 58688K, reserved 1114112K
  class space    used 6027K, committed 6656K, reserved 1048576K
}
Event: 24.294 GC heap before
{Heap before GC invocations=411 (full 2):
 PSYoungGen      total 3072K, used 3040K [0x00000000d5580000, 0x00000000d5980000, 0x0000000100000000)
  eden space 2560K, 100% used [0x00000000d5580000,0x00000000d5800000,0x00000000d5800000)
  from space 512K, 93% used [0x00000000d5900000,0x00000000d5978000,0x00000000d5980000)
  to   space 512K, 0% used [0x00000000d5880000,0x00000000d5880000,0x00000000d5900000)
 ParOldGen       total 404480K, used 403991K [0x0000000080000000, 0x0000000098b00000, 0x00000000d5580000)
  object space 404480K, 99% used [0x0000000080000000,0x0000000098a85d28,0x0000000098b00000)
 Metaspace       used 57262K, committed 58688K, reserved 1114112K
  class space    used 6027K, committed 6656K, reserved 1048576K
}
Event: 24.295 GC heap after
{Heap after GC invocations=411 (full 2):
 PSYoungGen      total 3072K, used 416K [0x00000000d5580000, 0x00000000d5980000, 0x0000000100000000)
  eden space 2560K, 0% used [0x00000000d5580000,0x00000000d5580000,0x00000000d5800000)
  from space 512K, 81% used [0x00000000d5880000,0x00000000d58e8000,0x00000000d5900000)
  to   space 512K, 0% used [0x00000000d5900000,0x00000000d5900000,0x00000000d5980000)
 ParOldGen       total 404480K, used 404324K [0x0000000080000000, 0x0000000098b00000, 0x00000000d5580000)
  object space 404480K, 99% used [0x0000000080000000,0x0000000098ad9338,0x0000000098b00000)
 Metaspace       used 57262K, committed 58688K, reserved 1114112K
  class space    used 6027K, committed 6656K, reserved 1048576K
}
Event: 24.301 GC heap before
{Heap before GC invocations=412 (full 2):
 PSYoungGen      total 3072K, used 2976K [0x00000000d5580000, 0x00000000d5980000, 0x0000000100000000)
  eden space 2560K, 100% used [0x00000000d5580000,0x00000000d5800000,0x00000000d5800000)
  from space 512K, 81% used [0x00000000d5880000,0x00000000d58e8000,0x00000000d5900000)
  to   space 512K, 0% used [0x00000000d5900000,0x00000000d5900000,0x00000000d5980000)
 ParOldGen       total 404480K, used 404324K [0x0000000080000000, 0x0000000098b00000, 0x00000000d5580000)
  object space 404480K, 99% used [0x0000000080000000,0x0000000098ad9338,0x0000000098b00000)
 Metaspace       used 57262K, committed 58688K, reserved 1114112K
  class space    used 6027K, committed 6656K, reserved 1048576K
}
Event: 24.302 GC heap after
{Heap after GC invocations=412 (full 2):
 PSYoungGen      total 3072K, used 448K [0x00000000d5580000, 0x00000000d5980000, 0x0000000100000000)
  eden space 2560K, 0% used [0x00000000d5580000,0x00000000d5580000,0x00000000d5800000)
  from space 512K, 87% used [0x00000000d5900000,0x00000000d5970000,0x00000000d5980000)
  to   space 512K, 0% used [0x00000000d5880000,0x00000000d5880000,0x00000000d5900000)
 ParOldGen       total 404992K, used 404620K [0x0000000080000000, 0x0000000098b80000, 0x00000000d5580000)
  object space 404992K, 99% used [0x0000000080000000,0x0000000098b23338,0x0000000098b80000)
 Metaspace       used 57262K, committed 58688K, reserved 1114112K
  class space    used 6027K, committed 6656K, reserved 1048576K
}
Event: 24.310 GC heap before
{Heap before GC invocations=413 (full 2):
 PSYoungGen      total 3072K, used 3008K [0x00000000d5580000, 0x00000000d5980000, 0x0000000100000000)
  eden space 2560K, 100% used [0x00000000d5580000,0x00000000d5800000,0x00000000d5800000)
  from space 512K, 87% used [0x00000000d5900000,0x00000000d5970000,0x00000000d5980000)
  to   space 512K, 0% used [0x00000000d5880000,0x00000000d5880000,0x00000000d5900000)
 ParOldGen       total 404992K, used 404620K [0x0000000080000000, 0x0000000098b80000, 0x00000000d5580000)
  object space 404992K, 99% used [0x0000000080000000,0x0000000098b23338,0x0000000098b80000)
 Metaspace       used 57275K, committed 58688K, reserved 1114112K
  class space    used 6027K, committed 6656K, reserved 1048576K
}
Event: 24.311 GC heap after
{Heap after GC invocations=413 (full 2):
 PSYoungGen      total 3072K, used 512K [0x00000000d5580000, 0x00000000d5a00000, 0x0000000100000000)
  eden space 2560K, 0% used [0x00000000d5580000,0x00000000d5580000,0x00000000d5800000)
  from space 512K, 100% used [0x00000000d5880000,0x00000000d5900000,0x00000000d5900000)
  to   space 1024K, 0% used [0x00000000d5900000,0x00000000d5900000,0x00000000d5a00000)
 ParOldGen       total 404992K, used 404868K [0x0000000080000000, 0x0000000098b80000, 0x00000000d5580000)
  object space 404992K, 99% used [0x0000000080000000,0x0000000098b61338,0x0000000098b80000)
 Metaspace       used 57275K, committed 58688K, reserved 1114112K
  class space    used 6027K, committed 6656K, reserved 1048576K
}
Event: 24.318 GC heap before
{Heap before GC invocations=414 (full 2):
 PSYoungGen      total 3072K, used 3071K [0x00000000d5580000, 0x00000000d5a00000, 0x0000000100000000)
  eden space 2560K, 99% used [0x00000000d5580000,0x00000000d57fff68,0x00000000d5800000)
  from space 512K, 100% used [0x00000000d5880000,0x00000000d5900000,0x00000000d5900000)
  to   space 1024K, 0% used [0x00000000d5900000,0x00000000d5900000,0x00000000d5a00000)
 ParOldGen       total 404992K, used 404868K [0x0000000080000000, 0x0000000098b80000, 0x00000000d5580000)
  object space 404992K, 99% used [0x0000000080000000,0x0000000098b61338,0x0000000098b80000)
 Metaspace       used 57278K, committed 58688K, reserved 1114112K
  class space    used 6027K, committed 6656K, reserved 1048576K
}
Event: 24.320 GC heap after
{Heap after GC invocations=414 (full 2):
 PSYoungGen      total 3584K, used 544K [0x00000000d5580000, 0x00000000d5a00000, 0x0000000100000000)
  eden space 2560K, 0% used [0x00000000d5580000,0x00000000d5580000,0x00000000d5800000)
  from space 1024K, 53% used [0x00000000d5900000,0x00000000d5988000,0x00000000d5a00000)
  to   space 1024K, 0% used [0x00000000d5800000,0x00000000d5800000,0x00000000d5900000)
 ParOldGen       total 405504K, used 405204K [0x0000000080000000, 0x0000000098c00000, 0x00000000d5580000)
  object space 405504K, 99% used [0x0000000080000000,0x0000000098bb5338,0x0000000098c00000)
 Metaspace       used 57278K, committed 58688K, reserved 1114112K
  class space    used 6027K, committed 6656K, reserved 1048576K
}
Event: 24.328 GC heap before
{Heap before GC invocations=415 (full 2):
 PSYoungGen      total 3584K, used 3104K [0x00000000d5580000, 0x00000000d5a00000, 0x0000000100000000)
  eden space 2560K, 100% used [0x00000000d5580000,0x00000000d5800000,0x00000000d5800000)
  from space 1024K, 53% used [0x00000000d5900000,0x00000000d5988000,0x00000000d5a00000)
  to   space 1024K, 0% used [0x00000000d5800000,0x00000000d5800000,0x00000000d5900000)
 ParOldGen       total 405504K, used 405204K [0x0000000080000000, 0x0000000098c00000, 0x00000000d5580000)
  object space 405504K, 99% used [0x0000000080000000,0x0000000098bb5338,0x0000000098c00000)
 Metaspace       used 57278K, committed 58688K, reserved 1114112K
  class space    used 6027K, committed 6656K, reserved 1048576K
}
Event: 24.329 GC heap after
{Heap after GC invocations=415 (full 2):
 PSYoungGen      total 3584K, used 448K [0x00000000d5580000, 0x00000000d5980000, 0x0000000100000000)
  eden space 2560K, 0% used [0x00000000d5580000,0x00000000d5580000,0x00000000d5800000)
  from space 1024K, 43% used [0x00000000d5800000,0x00000000d5870000,0x00000000d5900000)
  to   space 512K, 0% used [0x00000000d5900000,0x00000000d5900000,0x00000000d5980000)
 ParOldGen       total 406016K, used 405564K [0x0000000080000000, 0x0000000098c80000, 0x00000000d5580000)
  object space 406016K, 99% used [0x0000000080000000,0x0000000098c0f338,0x0000000098c80000)
 Metaspace       used 57278K, committed 58688K, reserved 1114112K
  class space    used 6027K, committed 6656K, reserved 1048576K
}
Event: 24.336 GC heap before
{Heap before GC invocations=416 (full 2):
 PSYoungGen      total 3584K, used 3008K [0x00000000d5580000, 0x00000000d5980000, 0x0000000100000000)
  eden space 2560K, 100% used [0x00000000d5580000,0x00000000d5800000,0x00000000d5800000)
  from space 1024K, 43% used [0x00000000d5800000,0x00000000d5870000,0x00000000d5900000)
  to   space 512K, 0% used [0x00000000d5900000,0x00000000d5900000,0x00000000d5980000)
 ParOldGen       total 406016K, used 405564K [0x0000000080000000, 0x0000000098c80000, 0x00000000d5580000)
  object space 406016K, 99% used [0x0000000080000000,0x0000000098c0f338,0x0000000098c80000)
 Metaspace       used 57278K, committed 58688K, reserved 1114112K
  class space    used 6027K, committed 6656K, reserved 1048576K
}
Event: 24.338 GC heap after
{Heap after GC invocations=416 (full 2):
 PSYoungGen      total 3072K, used 480K [0x00000000d5580000, 0x00000000d5980000, 0x0000000100000000)
  eden space 2560K, 0% used [0x00000000d5580000,0x00000000d5580000,0x00000000d5800000)
  from space 512K, 93% used [0x00000000d5900000,0x00000000d5978000,0x00000000d5980000)
  to   space 512K, 0% used [0x00000000d5880000,0x00000000d5880000,0x00000000d5900000)
 ParOldGen       total 406016K, used 405884K [0x0000000080000000, 0x0000000098c80000, 0x00000000d5580000)
  object space 406016K, 99% used [0x0000000080000000,0x0000000098c5f338,0x0000000098c80000)
 Metaspace       used 57278K, committed 58688K, reserved 1114112K
  class space    used 6027K, committed 6656K, reserved 1048576K
}
Event: 24.345 GC heap before
{Heap before GC invocations=417 (full 2):
 PSYoungGen      total 3072K, used 2887K [0x00000000d5580000, 0x00000000d5980000, 0x0000000100000000)
  eden space 2560K, 94% used [0x00000000d5580000,0x00000000d57d9d80,0x00000000d5800000)
  from space 512K, 93% used [0x00000000d5900000,0x00000000d5978000,0x00000000d5980000)
  to   space 512K, 0% used [0x00000000d5880000,0x00000000d5880000,0x00000000d5900000)
 ParOldGen       total 406016K, used 405884K [0x0000000080000000, 0x0000000098c80000, 0x00000000d5580000)
  object space 406016K, 99% used [0x0000000080000000,0x0000000098c5f338,0x0000000098c80000)
 Metaspace       used 57278K, committed 58688K, reserved 1114112K
  class space    used 6027K, committed 6656K, reserved 1048576K
}

Dll operation events (12 events):
Event: 0.024 Loaded shared library c:\Users\Phu\.vscode\extensions\redhat.java-1.43.1-win32-x64\jre\21.0.7-win32-x86_64\bin\java.dll
Event: 0.113 Loaded shared library c:\Users\Phu\.vscode\extensions\redhat.java-1.43.1-win32-x64\jre\21.0.7-win32-x86_64\bin\zip.dll
Event: 0.133 Loaded shared library C:\Users\Phu\.vscode\extensions\redhat.java-1.43.1-win32-x64\jre\21.0.7-win32-x86_64\bin\instrument.dll
Event: 0.139 Loaded shared library C:\Users\Phu\.vscode\extensions\redhat.java-1.43.1-win32-x64\jre\21.0.7-win32-x86_64\bin\net.dll
Event: 0.143 Loaded shared library C:\Users\Phu\.vscode\extensions\redhat.java-1.43.1-win32-x64\jre\21.0.7-win32-x86_64\bin\nio.dll
Event: 0.146 Loaded shared library C:\Users\Phu\.vscode\extensions\redhat.java-1.43.1-win32-x64\jre\21.0.7-win32-x86_64\bin\zip.dll
Event: 0.162 Loaded shared library C:\Users\Phu\.vscode\extensions\redhat.java-1.43.1-win32-x64\jre\21.0.7-win32-x86_64\bin\jimage.dll
Event: 0.243 Loaded shared library c:\Users\Phu\.vscode\extensions\redhat.java-1.43.1-win32-x64\jre\21.0.7-win32-x86_64\bin\verify.dll
Event: 2.368 Loaded shared library C:\Users\Phu\AppData\Roaming\Code\User\globalStorage\redhat.java\1.43.1\config_win\org.eclipse.equinox.launcher\org.eclipse.equinox.launcher.win32.win32.x86_64_1.2.1300.v20250331-1702\eclipse_11911.dll
Event: 4.432 Loaded shared library C:\Users\Phu\.vscode\extensions\redhat.java-1.43.1-win32-x64\jre\21.0.7-win32-x86_64\bin\management.dll
Event: 4.435 Loaded shared library C:\Users\Phu\.vscode\extensions\redhat.java-1.43.1-win32-x64\jre\21.0.7-win32-x86_64\bin\management_ext.dll
Event: 4.756 Loaded shared library C:\Users\Phu\AppData\Local\Temp\jna-80221\jna7798952882287750975.dll

Deoptimization events (20 events):
Event: 23.165 Thread 0x000001cf7ef46c40 DEOPT PACKING pc=0x000001cf2fa54c1c sp=0x0000005f96bfed10
Event: 23.165 Thread 0x000001cf7ef46c40 DEOPT UNPACKING pc=0x000001cf2ef66da2 sp=0x0000005f96bfecb0 mode 2
Event: 23.165 Thread 0x000001cf7ef46c40 Uncommon trap: trap_request=0xffffff45 fr.pc=0x000001cf2fa9e4e0 relative=0x0000000000001240
Event: 23.165 Thread 0x000001cf7ef46c40 Uncommon trap: reason=unstable_if action=reinterpret pc=0x000001cf2fa9e4e0 method=org.eclipse.jdt.internal.core.search.matching.ConstructorPattern.createDeclarationIndexKey([CI[C[[C[[CI[CII)[C @ 126 c2
Event: 23.165 Thread 0x000001cf7ef46c40 DEOPT PACKING pc=0x000001cf2fa9e4e0 sp=0x0000005f96bfebc0
Event: 23.165 Thread 0x000001cf7ef46c40 DEOPT UNPACKING pc=0x000001cf2ef66da2 sp=0x0000005f96bfeb40 mode 2
Event: 23.172 Thread 0x000001cf7ef46c40 DEOPT PACKING pc=0x000001cf288d6565 sp=0x0000005f96bfe9b0
Event: 23.172 Thread 0x000001cf7ef46c40 DEOPT UNPACKING pc=0x000001cf2ef678e2 sp=0x0000005f96bfddc8 mode 0
Event: 23.176 Thread 0x000001cf7ef48680 Uncommon trap: trap_request=0xffffffde fr.pc=0x000001cf2fb0f96c relative=0x000000000000082c
Event: 23.176 Thread 0x000001cf7ef48680 Uncommon trap: reason=class_check action=maybe_recompile pc=0x000001cf2fb0f96c method=org.eclipse.jdt.internal.compiler.util.SimpleLookupTable.put(Ljava/lang/Object;Ljava/lang/Object;)Ljava/lang/Object; @ 7 c2
Event: 23.176 Thread 0x000001cf7ef48680 DEOPT PACKING pc=0x000001cf2fb0f96c sp=0x0000005f985feaa0
Event: 23.176 Thread 0x000001cf7ef48680 DEOPT UNPACKING pc=0x000001cf2ef66da2 sp=0x0000005f985fe9f0 mode 2
Event: 24.197 Thread 0x000001cf7ef48680 Uncommon trap: trap_request=0xffffffc6 fr.pc=0x000001cf2f8a7bd4 relative=0x0000000000000794
Event: 24.197 Thread 0x000001cf7ef48680 Uncommon trap: reason=bimorphic_or_optimized_type_check action=maybe_recompile pc=0x000001cf2f8a7bd4 method=java.util.HashMap.putVal(ILjava/lang/Object;Ljava/lang/Object;ZZ)Ljava/lang/Object; @ 203 c2
Event: 24.197 Thread 0x000001cf7ef48680 DEOPT PACKING pc=0x000001cf2f8a7bd4 sp=0x0000005f985feb10
Event: 24.197 Thread 0x000001cf7ef48680 DEOPT UNPACKING pc=0x000001cf2ef66da2 sp=0x0000005f985fea28 mode 2
Event: 24.282 Thread 0x000001cf7ef46c40 Uncommon trap: trap_request=0xffffff45 fr.pc=0x000001cf2fc36958 relative=0x0000000000002598
Event: 24.282 Thread 0x000001cf7ef46c40 Uncommon trap: reason=unstable_if action=reinterpret pc=0x000001cf2fc36958 method=org.eclipse.jdt.internal.compiler.parser.Scanner.internalScanIdentifierOrKeyword(II[C)Lorg/eclipse/jdt/internal/compiler/parser/TerminalToken; @ 2291 c2
Event: 24.283 Thread 0x000001cf7ef46c40 DEOPT PACKING pc=0x000001cf2fc36958 sp=0x0000005f96bfee50
Event: 24.283 Thread 0x000001cf7ef46c40 DEOPT UNPACKING pc=0x000001cf2ef66da2 sp=0x0000005f96bfedf8 mode 2

Classes loaded (20 events):
Event: 17.753 Loading class java/io/ObjectStreamClass$3
Event: 17.753 Loading class java/io/ObjectStreamClass$3 done
Event: 17.753 Loading class java/io/ObjectStreamClass$4
Event: 17.753 Loading class java/io/ObjectStreamClass$4 done
Event: 17.753 Loading class java/io/ObjectStreamClass$5
Event: 17.753 Loading class java/io/ObjectStreamClass$5 done
Event: 17.761 Loading class java/nio/charset/CharacterCodingException
Event: 17.762 Loading class java/nio/charset/CharacterCodingException done
Event: 18.161 Loading class java/util/ArrayDeque$DeqSpliterator
Event: 18.162 Loading class java/util/ArrayDeque$DeqSpliterator done
Event: 18.870 Loading class java/io/BufferedReader$1
Event: 18.870 Loading class java/io/BufferedReader$1 done
Event: 20.070 Loading class sun/nio/fs/WindowsFileCopy
Event: 20.070 Loading class sun/nio/fs/WindowsFileCopy done
Event: 20.080 Loading class java/io/ObjectStreamClass$DeserializationConstructorsCache
Event: 20.080 Loading class java/io/ObjectStreamClass$DeserializationConstructorsCache done
Event: 20.581 Loading class java/lang/Runtime$VersionPattern
Event: 20.581 Loading class java/lang/Runtime$VersionPattern done
Event: 20.792 Loading class java/util/Vector$1
Event: 20.792 Loading class java/util/Vector$1 done

Classes unloaded (7 events):
Event: 3.909 Thread 0x000001cf22461d90 Unloading class 0x000001cf3d1a4800 'java/lang/invoke/LambdaForm$MH+0x000001cf3d1a4800'
Event: 3.909 Thread 0x000001cf22461d90 Unloading class 0x000001cf3d1a4400 'java/lang/invoke/LambdaForm$MH+0x000001cf3d1a4400'
Event: 3.909 Thread 0x000001cf22461d90 Unloading class 0x000001cf3d1a4000 'java/lang/invoke/LambdaForm$MH+0x000001cf3d1a4000'
Event: 3.909 Thread 0x000001cf22461d90 Unloading class 0x000001cf3d1a3c00 'java/lang/invoke/LambdaForm$MH+0x000001cf3d1a3c00'
Event: 3.909 Thread 0x000001cf22461d90 Unloading class 0x000001cf3d1a3800 'java/lang/invoke/LambdaForm$BMH+0x000001cf3d1a3800'
Event: 3.909 Thread 0x000001cf22461d90 Unloading class 0x000001cf3d1a3400 'java/lang/invoke/LambdaForm$DMH+0x000001cf3d1a3400'
Event: 3.909 Thread 0x000001cf22461d90 Unloading class 0x000001cf3d1a2000 'java/lang/invoke/LambdaForm$DMH+0x000001cf3d1a2000'

Classes redefined (0 events):
No events

Internal exceptions (20 events):
Event: 19.981 Thread 0x000001cf7ef465b0 Exception <a 'sun/nio/fs/WindowsException'{0x00000000d564b030}> (0x00000000d564b030) 
thrown [s\src\hotspot\share\prims\jni.cpp, line 520]
Event: 19.981 Thread 0x000001cf7ef465b0 Exception <a 'sun/nio/fs/WindowsException'{0x00000000d564c0b0}> (0x00000000d564c0b0) 
thrown [s\src\hotspot\share\prims\jni.cpp, line 520]
Event: 20.069 Thread 0x000001cf0400c310 Exception <a 'sun/nio/fs/WindowsException'{0x00000000d55ab1b8}> (0x00000000d55ab1b8) 
thrown [s\src\hotspot\share\prims\jni.cpp, line 520]
Event: 20.071 Thread 0x000001cf0400c310 Implicit null exception at 0x000001cf2fb60c8d to 0x000001cf2fb60f24
Event: 20.087 Thread 0x000001cf0400c310 Exception <a 'java/lang/NoSuchMethodError'{0x00000000d55985b0}: static Lorg/apache/maven/model/InputLocation;.<clinit>()V> (0x00000000d55985b0) 
thrown [s\src\hotspot\share\prims\jni.cpp, line 1111]
Event: 20.088 Thread 0x000001cf0400c310 Exception <a 'java/lang/NoSuchMethodError'{0x00000000d55ad220}: static Lorg/apache/maven/model/InputSource;.<clinit>()V> (0x00000000d55ad220) 
thrown [s\src\hotspot\share\prims\jni.cpp, line 1111]
Event: 20.093 Thread 0x000001cf0400c310 Exception <a 'java/lang/NoSuchMethodError'{0x00000000d55c58e0}: static Lorg/eclipse/m2e/core/internal/lifecyclemapping/model/PluginExecutionMetadata;.<clinit>()V> (0x00000000d55c58e0) 
thrown [s\src\hotspot\share\prims\jni.cpp, line 1111]
Event: 20.095 Thread 0x000001cf0400c310 Exception <a 'java/lang/NoSuchMethodError'{0x00000000d55d9908}: static Lorg/eclipse/m2e/core/internal/lifecyclemapping/model/PluginExecutionFilter;.<clinit>()V> (0x00000000d55d9908) 
thrown [s\src\hotspot\share\prims\jni.cpp, line 1111]
Event: 20.125 Thread 0x000001cf0400c310 Exception <a 'sun/nio/fs/WindowsException'{0x00000000d5647c48}> (0x00000000d5647c48) 
thrown [s\src\hotspot\share\prims\jni.cpp, line 520]
Event: 20.135 Thread 0x000001cf0400c310 Exception <a 'sun/nio/fs/WindowsException'{0x00000000d5608b00}> (0x00000000d5608b00) 
thrown [s\src\hotspot\share\prims\jni.cpp, line 520]
Event: 20.136 Thread 0x000001cf0400c310 Exception <a 'sun/nio/fs/WindowsException'{0x00000000d5611850}> (0x00000000d5611850) 
thrown [s\src\hotspot\share\prims\jni.cpp, line 520]
Event: 20.497 Thread 0x000001cf7ef46c40 Exception <a 'sun/nio/fs/WindowsException'{0x00000000d563b5c8}> (0x00000000d563b5c8) 
thrown [s\src\hotspot\share\prims\jni.cpp, line 520]
Event: 20.841 Thread 0x000001cf0400c310 Exception <a 'sun/nio/fs/WindowsException'{0x00000000d56489e0}> (0x00000000d56489e0) 
thrown [s\src\hotspot\share\prims\jni.cpp, line 520]
Event: 20.935 Thread 0x000001cf0400c310 Exception <a 'sun/nio/fs/WindowsException'{0x00000000d55b3e60}> (0x00000000d55b3e60) 
thrown [s\src\hotspot\share\prims\jni.cpp, line 520]
Event: 21.089 Thread 0x000001cf7ef46c40 Exception <a 'sun/nio/fs/WindowsException'{0x00000000d5618dd0}> (0x00000000d5618dd0) 
thrown [s\src\hotspot\share\prims\jni.cpp, line 520]
Event: 23.138 Thread 0x000001cf7ef46c40 Exception <a 'sun/nio/fs/WindowsException'{0x00000000d55b83f0}> (0x00000000d55b83f0) 
thrown [s\src\hotspot\share\prims\jni.cpp, line 520]
Event: 24.270 Thread 0x000001cf0400c310 Exception <a 'sun/nio/fs/WindowsException'{0x00000000d56e33e0}> (0x00000000d56e33e0) 
thrown [s\src\hotspot\share\prims\jni.cpp, line 520]
Event: 24.277 Thread 0x000001cf0400c310 Exception <a 'sun/nio/fs/WindowsException'{0x00000000d5751220}> (0x00000000d5751220) 
thrown [s\src\hotspot\share\prims\jni.cpp, line 520]
Event: 24.278 Thread 0x000001cf0400c310 Exception <a 'sun/nio/fs/WindowsException'{0x00000000d5792a68}> (0x00000000d5792a68) 
thrown [s\src\hotspot\share\prims\jni.cpp, line 520]
Event: 24.291 Thread 0x000001cf0400c310 Exception <a 'sun/nio/fs/WindowsException'{0x00000000d5714248}> (0x00000000d5714248) 
thrown [s\src\hotspot\share\prims\jni.cpp, line 520]

ZGC Phase Switch (0 events):
No events

VM Operations (20 events):
Event: 24.268 Executing VM operation: ParallelGCFailedAllocation (Allocation Failure) done
Event: 24.272 Executing VM operation: ParallelGCFailedAllocation (Allocation Failure)
Event: 24.273 Executing VM operation: ParallelGCFailedAllocation (Allocation Failure) done
Event: 24.279 Executing VM operation: ParallelGCFailedAllocation (Allocation Failure)
Event: 24.280 Executing VM operation: ParallelGCFailedAllocation (Allocation Failure) done
Event: 24.286 Executing VM operation: ParallelGCFailedAllocation (Allocation Failure)
Event: 24.287 Executing VM operation: ParallelGCFailedAllocation (Allocation Failure) done
Event: 24.294 Executing VM operation: ParallelGCFailedAllocation (Allocation Failure)
Event: 24.295 Executing VM operation: ParallelGCFailedAllocation (Allocation Failure) done
Event: 24.301 Executing VM operation: ParallelGCFailedAllocation (Allocation Failure)
Event: 24.302 Executing VM operation: ParallelGCFailedAllocation (Allocation Failure) done
Event: 24.310 Executing VM operation: ParallelGCFailedAllocation (Allocation Failure)
Event: 24.311 Executing VM operation: ParallelGCFailedAllocation (Allocation Failure) done
Event: 24.318 Executing VM operation: ParallelGCFailedAllocation (Allocation Failure)
Event: 24.320 Executing VM operation: ParallelGCFailedAllocation (Allocation Failure) done
Event: 24.328 Executing VM operation: ParallelGCFailedAllocation (Allocation Failure)
Event: 24.329 Executing VM operation: ParallelGCFailedAllocation (Allocation Failure) done
Event: 24.336 Executing VM operation: ParallelGCFailedAllocation (Allocation Failure)
Event: 24.338 Executing VM operation: ParallelGCFailedAllocation (Allocation Failure) done
Event: 24.345 Executing VM operation: ParallelGCFailedAllocation (Allocation Failure)

Memory protections (0 events):
No events

Nmethod flushes (20 events):
Event: 5.334 Thread 0x000001cf22461d90 flushing  nmethod 0x000001cf28019410
Event: 5.334 Thread 0x000001cf22461d90 flushing  nmethod 0x000001cf2801a510
Event: 5.334 Thread 0x000001cf22461d90 flushing  nmethod 0x000001cf2801b210
Event: 5.334 Thread 0x000001cf22461d90 flushing  nmethod 0x000001cf2801c290
Event: 5.334 Thread 0x000001cf22461d90 flushing  nmethod 0x000001cf2801c790
Event: 5.334 Thread 0x000001cf22461d90 flushing  nmethod 0x000001cf2801dc90
Event: 5.334 Thread 0x000001cf22461d90 flushing  nmethod 0x000001cf2801df90
Event: 5.334 Thread 0x000001cf22461d90 flushing  nmethod 0x000001cf28026f90
Event: 5.334 Thread 0x000001cf22461d90 flushing  nmethod 0x000001cf2803b910
Event: 5.334 Thread 0x000001cf22461d90 flushing  nmethod 0x000001cf28052790
Event: 5.334 Thread 0x000001cf22461d90 flushing  nmethod 0x000001cf2805e190
Event: 5.334 Thread 0x000001cf22461d90 flushing  nmethod 0x000001cf28063b90
Event: 5.334 Thread 0x000001cf22461d90 flushing  nmethod 0x000001cf280a8d90
Event: 5.334 Thread 0x000001cf22461d90 flushing  nmethod 0x000001cf280d2310
Event: 5.334 Thread 0x000001cf22461d90 flushing  nmethod 0x000001cf280e3a90
Event: 5.334 Thread 0x000001cf22461d90 flushing  nmethod 0x000001cf280e6f90
Event: 5.334 Thread 0x000001cf22461d90 flushing  nmethod 0x000001cf28105090
Event: 5.334 Thread 0x000001cf22461d90 flushing  nmethod 0x000001cf28140e10
Event: 5.334 Thread 0x000001cf22461d90 flushing  nmethod 0x000001cf28141690
Event: 5.334 Thread 0x000001cf22461d90 flushing  nmethod 0x000001cf28151c10

Events (20 events):
Event: 18.418 Thread 0x000001cf07213130 Thread exited: 0x000001cf07213130
Event: 18.419 Thread 0x000001cf07212aa0 Thread exited: 0x000001cf07212aa0
Event: 18.419 Thread 0x000001cf07215200 Thread exited: 0x000001cf07215200
Event: 18.643 Thread 0x000001cf0400c310 Thread added: 0x000001cf07212aa0
Event: 18.643 Thread 0x000001cf07212aa0 Thread exited: 0x000001cf07212aa0
Event: 18.862 Thread 0x000001cf0400c310 Thread added: 0x000001cf07215200
Event: 18.863 Thread 0x000001cf07215200 Thread exited: 0x000001cf07215200
Event: 19.970 Thread 0x000001cf7ea2ece0 Thread exited: 0x000001cf7ea2ece0
Event: 19.972 Thread 0x000001cf7ea2df40 Thread exited: 0x000001cf7ea2df40
Event: 19.984 Thread 0x000001cf7d59a670 Thread added: 0x000001cf7ea2d1a0
Event: 19.993 Thread 0x000001cf7d59a670 Thread added: 0x000001cf7ea2df40
Event: 20.518 Thread 0x000001cf7ea2df40 Thread exited: 0x000001cf7ea2df40
Event: 20.582 Thread 0x000001cf7ea2d1a0 Thread exited: 0x000001cf7ea2d1a0
Event: 21.037 Thread 0x000001cf7d59a670 Thread added: 0x000001cf7ea2d1a0
Event: 22.118 Thread 0x000001cf7ea2d1a0 Thread exited: 0x000001cf7ea2d1a0
Event: 23.170 Thread 0x000001cf7d59a670 Thread added: 0x000001cf7ea2df40
Event: 23.172 Thread 0x000001cf7d59a670 Thread added: 0x000001cf7ea2d1a0
Event: 24.191 Thread 0x000001cf7ea2d1a0 Thread exited: 0x000001cf7ea2d1a0
Event: 24.191 Thread 0x000001cf7ea2df40 Thread exited: 0x000001cf7ea2df40
Event: 24.286 Thread 0x000001cf7d59a670 Thread added: 0x000001cf7ea2d1a0


Dynamic libraries:
0x00007ff7f87e0000 - 0x00007ff7f87ee000 	c:\Users\Phu\.vscode\extensions\redhat.java-1.43.1-win32-x64\jre\21.0.7-win32-x86_64\bin\java.exe
0x00007ffaab9c0000 - 0x00007ffaabc28000 	C:\WINDOWS\SYSTEM32\ntdll.dll
0x00007ffaab100000 - 0x00007ffaab1c9000 	C:\WINDOWS\System32\KERNEL32.DLL
0x00007ffaa8f30000 - 0x00007ffaa931d000 	C:\WINDOWS\System32\KERNELBASE.dll
0x00007ffaa9320000 - 0x00007ffaa946b000 	C:\WINDOWS\System32\ucrtbase.dll
0x00007ffa5aa40000 - 0x00007ffa5aa5e000 	c:\Users\Phu\.vscode\extensions\redhat.java-1.43.1-win32-x64\jre\21.0.7-win32-x86_64\bin\VCRUNTIME140.dll
0x00007ffa42a30000 - 0x00007ffa42a48000 	c:\Users\Phu\.vscode\extensions\redhat.java-1.43.1-win32-x64\jre\21.0.7-win32-x86_64\bin\jli.dll
0x00007ffaa98b0000 - 0x00007ffaa9a7c000 	C:\WINDOWS\System32\USER32.dll
0x00007ffa8dd00000 - 0x00007ffa8df9a000 	C:\WINDOWS\WinSxS\amd64_microsoft.windows.common-controls_6595b64144ccf1df_6.0.26100.4484_none_3e0e6d4ce32ef3b3\COMCTL32.dll
0x00007ffaa9470000 - 0x00007ffaa9497000 	C:\WINDOWS\System32\win32u.dll
0x00007ffaa9800000 - 0x00007ffaa98a9000 	C:\WINDOWS\System32\msvcrt.dll
0x00007ffaaab20000 - 0x00007ffaaab4b000 	C:\WINDOWS\System32\GDI32.dll
0x00007ffaa8c90000 - 0x00007ffaa8dc7000 	C:\WINDOWS\System32\gdi32full.dll
0x00007ffaa96b0000 - 0x00007ffaa9753000 	C:\WINDOWS\System32\msvcp_win.dll
0x00007ffaab3c0000 - 0x00007ffaab3ef000 	C:\WINDOWS\System32\IMM32.DLL
0x00007ffa7ac60000 - 0x00007ffa7ac6c000 	c:\Users\Phu\.vscode\extensions\redhat.java-1.43.1-win32-x64\jre\21.0.7-win32-x86_64\bin\vcruntime140_1.dll
0x00007ffa22090000 - 0x00007ffa2211d000 	c:\Users\Phu\.vscode\extensions\redhat.java-1.43.1-win32-x64\jre\21.0.7-win32-x86_64\bin\msvcp140.dll
0x00007ff9bf6a0000 - 0x00007ff9c0430000 	c:\Users\Phu\.vscode\extensions\redhat.java-1.43.1-win32-x64\jre\21.0.7-win32-x86_64\bin\server\jvm.dll
0x00007ffaab250000 - 0x00007ffaab304000 	C:\WINDOWS\System32\ADVAPI32.dll
0x00007ffaaab50000 - 0x00007ffaaabf6000 	C:\WINDOWS\System32\sechost.dll
0x00007ffaab4c0000 - 0x00007ffaab5d8000 	C:\WINDOWS\System32\RPCRT4.dll
0x00007ffaab1d0000 - 0x00007ffaab244000 	C:\WINDOWS\System32\WS2_32.dll
0x00007ffa8e150000 - 0x00007ffa8e185000 	C:\WINDOWS\SYSTEM32\WINMM.dll
0x00007ffaa8960000 - 0x00007ffaa89be000 	C:\WINDOWS\SYSTEM32\POWRPROF.dll
0x00007ffa9caf0000 - 0x00007ffa9cafb000 	C:\WINDOWS\SYSTEM32\VERSION.dll
0x00007ffaa8940000 - 0x00007ffaa8954000 	C:\WINDOWS\SYSTEM32\UMPDC.dll
0x00007ffaa7880000 - 0x00007ffaa789b000 	C:\WINDOWS\SYSTEM32\kernel.appcore.dll
0x00007ffa737b0000 - 0x00007ffa737ba000 	c:\Users\Phu\.vscode\extensions\redhat.java-1.43.1-win32-x64\jre\21.0.7-win32-x86_64\bin\jimage.dll
0x00007ffaa6400000 - 0x00007ffaa6641000 	C:\WINDOWS\SYSTEM32\DBGHELP.DLL
0x00007ffaab5e0000 - 0x00007ffaab966000 	C:\WINDOWS\System32\combase.dll
0x00007ffaa9f10000 - 0x00007ffaa9ff0000 	C:\WINDOWS\System32\OLEAUT32.dll
0x00007ffa8dc90000 - 0x00007ffa8dcd3000 	C:\WINDOWS\SYSTEM32\dbgcore.DLL
0x00007ffaa8e90000 - 0x00007ffaa8f29000 	C:\WINDOWS\System32\bcryptPrimitives.dll
0x00007ffa71bb0000 - 0x00007ffa71bbf000 	c:\Users\Phu\.vscode\extensions\redhat.java-1.43.1-win32-x64\jre\21.0.7-win32-x86_64\bin\instrument.dll
0x00007ffa42120000 - 0x00007ffa4213f000 	c:\Users\Phu\.vscode\extensions\redhat.java-1.43.1-win32-x64\jre\21.0.7-win32-x86_64\bin\java.dll
0x00007ffaaa3d0000 - 0x00007ffaaab1a000 	C:\WINDOWS\System32\SHELL32.dll
0x00007ffaa9530000 - 0x00007ffaa96a4000 	C:\WINDOWS\System32\wintypes.dll
0x00007ffaa6730000 - 0x00007ffaa6f8b000 	C:\WINDOWS\SYSTEM32\windows.storage.dll
0x00007ffaaa0f0000 - 0x00007ffaaa1e5000 	C:\WINDOWS\System32\SHCORE.dll
0x00007ffaaa000000 - 0x00007ffaaa06a000 	C:\WINDOWS\System32\shlwapi.dll
0x00007ffaa8a20000 - 0x00007ffaa8a4f000 	C:\WINDOWS\SYSTEM32\profapi.dll
0x00007ffa942f0000 - 0x00007ffa94308000 	c:\Users\Phu\.vscode\extensions\redhat.java-1.43.1-win32-x64\jre\21.0.7-win32-x86_64\bin\zip.dll
0x00007ffa65200000 - 0x00007ffa65210000 	C:\Users\Phu\.vscode\extensions\redhat.java-1.43.1-win32-x64\jre\21.0.7-win32-x86_64\bin\net.dll
0x00007ffa9eb10000 - 0x00007ffa9ec2e000 	C:\WINDOWS\SYSTEM32\WINHTTP.dll
0x00007ffaa7e40000 - 0x00007ffaa7eaa000 	C:\WINDOWS\system32\mswsock.dll
0x00007ffa40800000 - 0x00007ffa40816000 	C:\Users\Phu\.vscode\extensions\redhat.java-1.43.1-win32-x64\jre\21.0.7-win32-x86_64\bin\nio.dll
0x00007ffa717a0000 - 0x00007ffa717b0000 	c:\Users\Phu\.vscode\extensions\redhat.java-1.43.1-win32-x64\jre\21.0.7-win32-x86_64\bin\verify.dll
0x00007ffa39cb0000 - 0x00007ffa39cf5000 	C:\Users\Phu\AppData\Roaming\Code\User\globalStorage\redhat.java\1.43.1\config_win\org.eclipse.equinox.launcher\org.eclipse.equinox.launcher.win32.win32.x86_64_1.2.1300.v20250331-1702\eclipse_11911.dll
0x00007ffaaade0000 - 0x00007ffaaaf7e000 	C:\WINDOWS\System32\ole32.dll
0x00007ffaa8100000 - 0x00007ffaa811b000 	C:\WINDOWS\SYSTEM32\CRYPTSP.dll
0x00007ffaa77e0000 - 0x00007ffaa781b000 	C:\WINDOWS\system32\rsaenh.dll
0x00007ffaa7ee0000 - 0x00007ffaa7f0b000 	C:\WINDOWS\SYSTEM32\USERENV.dll
0x00007ffaa89f0000 - 0x00007ffaa8a16000 	C:\WINDOWS\SYSTEM32\bcrypt.dll
0x00007ffaa80f0000 - 0x00007ffaa80fc000 	C:\WINDOWS\SYSTEM32\CRYPTBASE.dll
0x00007ffaa7280000 - 0x00007ffaa72b3000 	C:\WINDOWS\SYSTEM32\IPHLPAPI.DLL
0x00007ffaab400000 - 0x00007ffaab40a000 	C:\WINDOWS\System32\NSI.dll
0x00007ffa71790000 - 0x00007ffa7179a000 	C:\Users\Phu\.vscode\extensions\redhat.java-1.43.1-win32-x64\jre\21.0.7-win32-x86_64\bin\management.dll
0x00007ffa5f130000 - 0x00007ffa5f13b000 	C:\Users\Phu\.vscode\extensions\redhat.java-1.43.1-win32-x64\jre\21.0.7-win32-x86_64\bin\management_ext.dll
0x00007ffaab970000 - 0x00007ffaab978000 	C:\WINDOWS\System32\PSAPI.DLL
0x00007ffa39800000 - 0x00007ffa39849000 	C:\Users\Phu\AppData\Local\Temp\jna-80221\jna7798952882287750975.dll
0x00007ffa9e9b0000 - 0x00007ffa9e9cf000 	C:\WINDOWS\SYSTEM32\dhcpcsvc6.DLL
0x00007ffa9e500000 - 0x00007ffa9e525000 	C:\WINDOWS\SYSTEM32\dhcpcsvc.DLL

dbghelp: loaded successfully - version: 4.0.5 - missing functions: none
symbol engine: initialized successfully - sym options: 0x614 - pdb path: .;c:\Users\Phu\.vscode\extensions\redhat.java-1.43.1-win32-x64\jre\21.0.7-win32-x86_64\bin;C:\WINDOWS\SYSTEM32;C:\WINDOWS\WinSxS\amd64_microsoft.windows.common-controls_6595b64144ccf1df_6.0.26100.4484_none_3e0e6d4ce32ef3b3;c:\Users\Phu\.vscode\extensions\redhat.java-1.43.1-win32-x64\jre\21.0.7-win32-x86_64\bin\server;C:\Users\Phu\AppData\Roaming\Code\User\globalStorage\redhat.java\1.43.1\config_win\org.eclipse.equinox.launcher\org.eclipse.equinox.launcher.win32.win32.x86_64_1.2.1300.v20250331-1702;C:\Users\Phu\AppData\Local\Temp\jna-80221

VM Arguments:
jvm_args: --add-modules=ALL-SYSTEM --add-opens=java.base/java.util=ALL-UNNAMED --add-opens=java.base/java.lang=ALL-UNNAMED --add-opens=java.base/sun.nio.fs=ALL-UNNAMED -Declipse.application=org.eclipse.jdt.ls.core.id1 -Dosgi.bundles.defaultStartLevel=4 -Declipse.product=org.eclipse.jdt.ls.core.product -Djava.import.generatesMetadataFilesAtProjectRoot=false -DDetectVMInstallationsJob.disabled=true -Dfile.encoding=utf8 -XX:+UseParallelGC -XX:GCTimeRatio=4 -XX:AdaptiveSizePolicyWeight=90 -Dsun.zip.disableMemoryMapping=true -Xmx2G -Xms100m -Xlog:disable -javaagent:c:\Users\Phu\.vscode\extensions\redhat.java-1.43.1-win32-x64\lombok\lombok-1.18.39-4050.jar -XX:+HeapDumpOnOutOfMemoryError -XX:HeapDumpPath=c:\Users\Phu\AppData\Roaming\Code\User\workspaceStorage\a4df0ab0de8a8e70f8b7bdd6c0e9afb4\redhat.java -Daether.dependencyCollector.impl=bf 
java_command: c:\Users\Phu\.vscode\extensions\redhat.java-1.43.1-win32-x64\server\plugins\org.eclipse.equinox.launcher_1.7.0.v20250519-0528.jar -configuration c:\Users\Phu\AppData\Roaming\Code\User\globalStorage\redhat.java\1.43.1\config_win -data c:\Users\Phu\AppData\Roaming\Code\User\workspaceStorage\a4df0ab0de8a8e70f8b7bdd6c0e9afb4\redhat.java\jdt_ws --pipe=\\.\pipe\lsp-49ad3931ec22907ac567c3651be0c7fc-sock
java_class_path (initial): c:\Users\Phu\.vscode\extensions\redhat.java-1.43.1-win32-x64\server\plugins\org.eclipse.equinox.launcher_1.7.0.v20250519-0528.jar
Launcher Type: SUN_STANDARD

[Global flags]
    uintx AdaptiveSizePolicyWeight                 = 90                                        {product} {command line}
     intx CICompilerCount                          = 4                                         {product} {ergonomic}
    uintx GCTimeRatio                              = 4                                         {product} {command line}
     bool HeapDumpOnOutOfMemoryError               = true                                   {manageable} {command line}
    ccstr HeapDumpPath                             = c:\Users\Phu\AppData\Roaming\Code\User\workspaceStorage\a4df0ab0de8a8e70f8b7bdd6c0e9afb4\redhat.java         {manageable} {command line}
   size_t InitialHeapSize                          = 104857600                                 {product} {command line}
   size_t MaxHeapSize                              = 2147483648                                {product} {command line}
   size_t MaxNewSize                               = 715653120                                 {product} {ergonomic}
   size_t MinHeapDeltaBytes                        = 524288                                    {product} {ergonomic}
   size_t MinHeapSize                              = 104857600                                 {product} {command line}
   size_t NewSize                                  = 34603008                                  {product} {ergonomic}
    uintx NonNMethodCodeHeapSize                   = 5839372                                {pd product} {ergonomic}
    uintx NonProfiledCodeHeapSize                  = 122909434                              {pd product} {ergonomic}
   size_t OldSize                                  = 70254592                                  {product} {ergonomic}
    uintx ProfiledCodeHeapSize                     = 122909434                              {pd product} {ergonomic}
    uintx ReservedCodeCacheSize                    = 251658240                              {pd product} {ergonomic}
     bool SegmentedCodeCache                       = true                                      {product} {ergonomic}
   size_t SoftMaxHeapSize                          = 2147483648                             {manageable} {ergonomic}
     bool UseCompressedOops                        = true                           {product lp64_product} {ergonomic}
     bool UseLargePagesIndividualAllocation        = false                                  {pd product} {ergonomic}
     bool UseParallelGC                            = true                                      {product} {command line}

Logging:
Log output configuration:
 #0: stdout all=off uptime,level,tags foldmultilines=false
 #1: stderr all=off uptime,level,tags foldmultilines=false

Environment Variables:
PATH=C:\app\Phu\product\21c\dbhomeXE\bin;D:\u01\app\oracle\product\21c\db_home\WINDOWS.X64_213000_db_home\bin;D:\oracle\21c\bin;C:\Program Files\Common Files\Oracle\Java\javapath;C:\Program Files\Python310\Scripts\;C:\Program Files\Python310\;C:\Program Files (x86)\Common Files\Oracle\Java\javapath;C:\Windows\system32;C:\Windows;C:\Windows\System32\Wbem;C:\Windows\System32\WindowsPowerShell\v1.0\;C:\Windows\System32\OpenSSH\;C:\Program Files (x86)\NVIDIA Corporation\PhysX\Common;C:\Program Files\NVIDIA Corporation\NVIDIA NvDLISR;C:\WINDOWS\system32;C:\WINDOWS;C:\WINDOWS\System32\Wbem;C:\WINDOWS\System32\WindowsPowerShell\v1.0\;C:\WINDOWS\System32\OpenSSH\;C:\Program Files\Cloudflare\Cloudflare WARP\;C:\Program Files\Java\jre-1.8\bin;C:\Program Files (x86)\Microsoft SQL Server\160\Tools\Binn\;C:\Program Files\Microsoft SQL Server\160\Tools\Binn\;C:\Program Files\Microsoft SQL Server\Client SDK\ODBC\170\Tools\Binn\;C:\Program Files\Microsoft SQL Server\160\DTS\Binn\;C:\Program Files (x86)\Microsoft SQL Server\160\DTS\Binn\;C:\Program Files\Azure Data Studio\bin;C:\Program Files\Git\cmd;C:\Program Files\dotnet\;C:\Program Files\nodejs\;C:\Users\Phu\Downloads\Graphviz\bin;D:\My workspace\apache-maven-3.9.9-bin\apache-maven-3.9.9\bin;C:\Users\Phu\Downloads\mongosh-2.4.2-win32-x64\mongosh-2.4.2-win32-x64\bin;C:\Program Files\MATLAB\R2025a\bin;D:\Microsoft VS Code\bin;C:\Users\Phu\AppData\Local\Microsoft\WindowsApps;C:\Users\Phu\AppData\Local\Programs\cursor\resources\app\bin;C:\Users\Phu\AppData\Roaming\npm;C:\Program Files\MongoDB\Server\8.0\bin;
USERNAME=Phu
OS=Windows_NT
PROCESSOR_IDENTIFIER=Intel64 Family 6 Model 141 Stepping 1, GenuineIntel
TMP=C:\Users\Phu\AppData\Local\Temp
TEMP=C:\Users\Phu\AppData\Local\Temp




Periodic native trim disabled

---------------  S Y S T E M  ---------------

OS:
 Windows 11 , 64 bit Build 26100 (10.0.26100.4484)
OS uptime: 0 days 12:41 hours
Hyper-V role detected

CPU: total 12 (initial active 12) (6 cores per cpu, 2 threads per core) family 6 model 141 stepping 1 microcode 0x3c, cx8, cmov, fxsr, ht, mmx, 3dnowpref, sse, sse2, sse3, ssse3, sse4.1, sse4.2, popcnt, lzcnt, tsc, tscinvbit, avx, avx2, aes, erms, clmul, bmi1, bmi2, adx, avx512f, avx512dq, avx512cd, avx512bw, avx512vl, sha, fma, vzeroupper, avx512_vpopcntdq, avx512_vpclmulqdq, avx512_vaes, avx512_vnni, clflush, clflushopt, clwb, avx512_vbmi2, avx512_vbmi, hv, rdtscp, rdpid, fsrm, gfni, avx512_bitalg, f16c, cet_ibt, cet_ss, avx512_ifma
Processor Information for the first 12 processors :
  Max Mhz: 2688, Current Mhz: 2688, Mhz Limit: 2688

Memory: 4k page, system-wide physical 7971M (575M free)
TotalPageFile size 20471M (AvailPageFile size 7M)
current process WorkingSet (physical memory assigned to process): 667M, peak: 667M
current process commit charge ("private bytes"): 704M, peak: 704M

vm_info: OpenJDK 64-Bit Server VM (21.0.7+6-LTS) for windows-amd64 JRE (21.0.7+6-LTS), built on 2025-04-15T00:00:00Z by "admin" with MS VC++ 17.7 (VS2022)

END.
