#
# There is insufficient memory for the Java Runtime Environment to continue.
# Native memory allocation (malloc) failed to allocate 1479536 bytes. Error detail: Chunk::new
# Possible reasons:
#   The system is out of physical RAM or swap space
#   This process is running with CompressedOops enabled, and the Java Heap may be blocking the growth of the native heap
# Possible solutions:
#   Reduce memory load on the system
#   Increase physical memory or swap space
#   Check if swap backing store is full
#   Decrease Java heap size (-Xmx/-Xms)
#   Decrease number of Java threads
#   Decrease Java thread stack sizes (-Xss)
#   Set larger code cache with -XX:ReservedCodeCacheSize=
#   JVM is running with Unscaled Compressed Oops mode in which the Java heap is
#     placed in the first 4GB address space. The Java Heap base address is the
#     maximum limit for the native heap growth. Please use -XX:HeapBaseMinAddress
#     to set the Java Heap base and to place the Java Heap above 4GB virtual address.
# This output file may be truncated or incomplete.
#
#  Out of Memory Error (arena.cpp:168), pid=21472, tid=21792
#
# JRE version: OpenJDK Runtime Environment Temurin-21.0.7+6 (21.0.7+6) (build 21.0.7+6-LTS)
# Java VM: OpenJDK 64-Bit Server VM Temurin-21.0.7+6 (21.0.7+6-LTS, mixed mode, sharing, tiered, compressed oops, compressed class ptrs, parallel gc, windows-amd64)
# No core dump will be written. Minidumps are not enabled by default on client versions of Windows
#

---------------  S U M M A R Y ------------

Command Line: --add-modules=ALL-SYSTEM --add-opens=java.base/java.util=ALL-UNNAMED --add-opens=java.base/java.lang=ALL-UNNAMED --add-opens=java.base/sun.nio.fs=ALL-UNNAMED -Declipse.application=org.eclipse.jdt.ls.core.id1 -Dosgi.bundles.defaultStartLevel=4 -Declipse.product=org.eclipse.jdt.ls.core.product -Djava.import.generatesMetadataFilesAtProjectRoot=false -DDetectVMInstallationsJob.disabled=true -Dfile.encoding=utf8 -XX:+UseParallelGC -XX:GCTimeRatio=4 -XX:AdaptiveSizePolicyWeight=90 -Dsun.zip.disableMemoryMapping=true -Xmx2G -Xms100m -Xlog:disable -javaagent:c:\Users\Phu\.vscode\extensions\redhat.java-1.43.1-win32-x64\lombok\lombok-1.18.39-4050.jar -XX:+HeapDumpOnOutOfMemoryError -XX:HeapDumpPath=c:\Users\Phu\AppData\Roaming\Code\User\workspaceStorage\a4df0ab0de8a8e70f8b7bdd6c0e9afb4\redhat.java -Daether.dependencyCollector.impl=bf c:\Users\Phu\.vscode\extensions\redhat.java-1.43.1-win32-x64\server\plugins\org.eclipse.equinox.launcher_1.7.0.v20250519-0528.jar -configuration c:\Users\Phu\AppData\Roaming\Code\User\globalStorage\redhat.java\1.43.1\config_win -data c:\Users\Phu\AppData\Roaming\Code\User\workspaceStorage\a4df0ab0de8a8e70f8b7bdd6c0e9afb4\redhat.java\jdt_ws --pipe=\\.\pipe\lsp-c195bac011241dc63cac417870862525-sock

Host: 11th Gen Intel(R) Core(TM) i5-11400H @ 2.70GHz, 12 cores, 7G,  Windows 11 , 64 bit Build 26100 (10.0.26100.4484)
Time: Wed Jul 23 00:58:38 2025 SE Asia Standard Time elapsed time: 29.819115 seconds (0d 0h 0m 29s)

---------------  T H R E A D  ---------------

Current thread (0x000001c1b620a310):  JavaThread "C2 CompilerThread0" daemon [_thread_in_native, id=21792, stack(0x000000838da00000,0x000000838db00000) (1024K)]


Current CompileTask:
C2:29819 8461       4       org.eclipse.jdt.internal.compiler.util.JrtFileSystem$2::visitFile (72 bytes)

Stack: [0x000000838da00000,0x000000838db00000]
Native frames: (J=compiled Java code, j=interpreted, Vv=VM code, C=native code)
V  [jvm.dll+0x6ce119]
V  [jvm.dll+0x8a84a1]
V  [jvm.dll+0x8aa9ce]
V  [jvm.dll+0x8ab0b3]
V  [jvm.dll+0x27f8a6]
V  [jvm.dll+0xc507d]
V  [jvm.dll+0xc55b3]
V  [jvm.dll+0x3b68f2]
V  [jvm.dll+0x382aa5]
V  [jvm.dll+0x381f0a]
V  [jvm.dll+0x247af0]
V  [jvm.dll+0x2470cf]
V  [jvm.dll+0x1c760e]
V  [jvm.dll+0x25695a]
V  [jvm.dll+0x254efa]
V  [jvm.dll+0x3f03f6]
V  [jvm.dll+0x851f6b]
V  [jvm.dll+0x6cc7dd]
C  [ucrtbase.dll+0x37b0]
C  [KERNEL32.DLL+0x2e8d7]
C  [ntdll.dll+0x3c34c]


---------------  P R O C E S S  ---------------

Threads class SMR info:
_java_thread_list=0x000001c219da9180, length=45, elements={
0x000001c1b615d920, 0x000001c1b610e650, 0x000001c1b6202220, 0x000001c1b6206170,
0x000001c1b6208b10, 0x000001c1b6209270, 0x000001c1b62098d0, 0x000001c1b620a310,
0x000001c1b621d0f0, 0x000001c1b61cba30, 0x000001c20f244300, 0x000001c21469d6a0,
0x000001c20f10da20, 0x000001c2141271e0, 0x000001c214127c10, 0x000001c20ef5f4e0,
0x000001c2145c8b50, 0x000001c21471b520, 0x000001c21471c240, 0x000001c21471c8d0,
0x000001c21471a170, 0x000001c21471cf60, 0x000001c21471ae90, 0x000001c21471d5f0,
0x000001c21471bbb0, 0x000001c21471a800, 0x000001c215fee220, 0x000001c215fedb90,
0x000001c215fee8b0, 0x000001c215ff16a0, 0x000001c215ff02f0, 0x000001c215ff0980,
0x000001c215fefc60, 0x000001c215ff1d30, 0x000001c215ff1010, 0x000001c215ff23c0,
0x000001c215feef40, 0x000001c215ff2a50, 0x000001c215fef5d0, 0x000001c215ff3e00,
0x000001c215ff51b0, 0x000001c215ff4b20, 0x000001c21562c7d0, 0x000001c214dbf4f0,
0x000001c214dbcc10
}

Java Threads: ( => current thread )
  0x000001c1b615d920 JavaThread "main"                              [_thread_blocked, id=13508, stack(0x000000838d000000,0x000000838d100000) (1024K)]
  0x000001c1b610e650 JavaThread "Reference Handler"          daemon [_thread_blocked, id=13628, stack(0x000000838d400000,0x000000838d500000) (1024K)]
  0x000001c1b6202220 JavaThread "Finalizer"                  daemon [_thread_blocked, id=21668, stack(0x000000838d500000,0x000000838d600000) (1024K)]
  0x000001c1b6206170 JavaThread "Signal Dispatcher"          daemon [_thread_blocked, id=21888, stack(0x000000838d600000,0x000000838d700000) (1024K)]
  0x000001c1b6208b10 JavaThread "Attach Listener"            daemon [_thread_blocked, id=21808, stack(0x000000838d700000,0x000000838d800000) (1024K)]
  0x000001c1b6209270 JavaThread "Service Thread"             daemon [_thread_blocked, id=21872, stack(0x000000838d800000,0x000000838d900000) (1024K)]
  0x000001c1b62098d0 JavaThread "Monitor Deflation Thread"   daemon [_thread_blocked, id=21800, stack(0x000000838d900000,0x000000838da00000) (1024K)]
=>0x000001c1b620a310 JavaThread "C2 CompilerThread0"         daemon [_thread_in_native, id=21792, stack(0x000000838da00000,0x000000838db00000) (1024K)]
  0x000001c1b621d0f0 JavaThread "C1 CompilerThread0"         daemon [_thread_blocked, id=21784, stack(0x000000838db00000,0x000000838dc00000) (1024K)]
  0x000001c1b61cba30 JavaThread "Common-Cleaner"             daemon [_thread_blocked, id=21740, stack(0x000000838dc00000,0x000000838dd00000) (1024K)]
  0x000001c20f244300 JavaThread "Notification Thread"        daemon [_thread_blocked, id=21704, stack(0x000000838de00000,0x000000838df00000) (1024K)]
  0x000001c21469d6a0 JavaThread "Active Thread: Equinox Container: a0e1ca02-c7fa-421c-b1ea-574c9f7330d4"        [_thread_blocked, id=22316, stack(0x000000838e600000,0x000000838e700000) (1024K)]
  0x000001c20f10da20 JavaThread "Refresh Thread: Equinox Container: a0e1ca02-c7fa-421c-b1ea-574c9f7330d4" daemon [_thread_blocked, id=22508, stack(0x000000838df00000,0x000000838e000000) (1024K)]
  0x000001c2141271e0 JavaThread "Framework Event Dispatcher: Equinox Container: a0e1ca02-c7fa-421c-b1ea-574c9f7330d4" daemon [_thread_blocked, id=22444, stack(0x000000838e700000,0x000000838e800000) (1024K)]
  0x000001c214127c10 JavaThread "Start Level: Equinox Container: a0e1ca02-c7fa-421c-b1ea-574c9f7330d4" daemon [_thread_blocked, id=17116, stack(0x000000838e800000,0x000000838e900000) (1024K)]
  0x000001c20ef5f4e0 JavaThread "Bundle File Closer"         daemon [_thread_blocked, id=21892, stack(0x000000838ec00000,0x000000838ed00000) (1024K)]
  0x000001c2145c8b50 JavaThread "SCR Component Actor"        daemon [_thread_blocked, id=21932, stack(0x000000838e900000,0x000000838ea00000) (1024K)]
  0x000001c21471b520 JavaThread "Worker-JM"                         [_thread_blocked, id=21732, stack(0x000000838ef00000,0x000000838f000000) (1024K)]
  0x000001c21471c240 JavaThread "Worker-0"                          [_thread_blocked, id=21628, stack(0x000000838f000000,0x000000838f100000) (1024K)]
  0x000001c21471c8d0 JavaThread "Worker-1: Initialize Workspace"        [_thread_in_native, id=21744, stack(0x000000838f100000,0x000000838f200000) (1024K)]
  0x000001c21471a170 JavaThread "Java indexing"              daemon [_thread_in_Java, id=11668, stack(0x000000838f200000,0x000000838f300000) (1024K)]
  0x000001c21471cf60 JavaThread "JNA Cleaner"                daemon [_thread_blocked, id=6452, stack(0x000000838f300000,0x000000838f400000) (1024K)]
  0x000001c21471ae90 JavaThread "Worker-2"                          [_thread_blocked, id=18560, stack(0x000000838f600000,0x000000838f700000) (1024K)]
  0x000001c21471d5f0 JavaThread "Worker-3"                          [_thread_blocked, id=21916, stack(0x000000838f700000,0x000000838f800000) (1024K)]
  0x000001c21471bbb0 JavaThread "Worker-4"                          [_thread_blocked, id=22144, stack(0x000000838f800000,0x000000838f900000) (1024K)]
  0x000001c21471a800 JavaThread "Worker-5: Java indexing... "        [_thread_blocked, id=21724, stack(0x000000838f900000,0x000000838fa00000) (1024K)]
  0x000001c215fee220 JavaThread "Thread-2"                   daemon [_thread_in_native, id=22140, stack(0x000000838fb00000,0x000000838fc00000) (1024K)]
  0x000001c215fedb90 JavaThread "Thread-3"                   daemon [_thread_in_native, id=17872, stack(0x000000838fc00000,0x000000838fd00000) (1024K)]
  0x000001c215fee8b0 JavaThread "Thread-4"                   daemon [_thread_in_native, id=9600, stack(0x000000838fd00000,0x000000838fe00000) (1024K)]
  0x000001c215ff16a0 JavaThread "Thread-5"                   daemon [_thread_in_native, id=21636, stack(0x000000838fe00000,0x000000838ff00000) (1024K)]
  0x000001c215ff02f0 JavaThread "Thread-6"                   daemon [_thread_in_native, id=19092, stack(0x000000838ff00000,0x0000008390000000) (1024K)]
  0x000001c215ff0980 JavaThread "Thread-7"                   daemon [_thread_in_native, id=21816, stack(0x0000008390000000,0x0000008390100000) (1024K)]
  0x000001c215fefc60 JavaThread "Thread-8"                   daemon [_thread_in_native, id=22180, stack(0x0000008390100000,0x0000008390200000) (1024K)]
  0x000001c215ff1d30 JavaThread "Thread-9"                   daemon [_thread_in_native, id=22496, stack(0x0000008390200000,0x0000008390300000) (1024K)]
  0x000001c215ff1010 JavaThread "Thread-10"                  daemon [_thread_in_native, id=19696, stack(0x0000008390300000,0x0000008390400000) (1024K)]
  0x000001c215ff23c0 JavaThread "Thread-11"                  daemon [_thread_in_native, id=22524, stack(0x0000008390400000,0x0000008390500000) (1024K)]
  0x000001c215feef40 JavaThread "Thread-12"                  daemon [_thread_in_native, id=22196, stack(0x0000008390500000,0x0000008390600000) (1024K)]
  0x000001c215ff2a50 JavaThread "Thread-13"                  daemon [_thread_in_native, id=2992, stack(0x0000008390600000,0x0000008390700000) (1024K)]
  0x000001c215fef5d0 JavaThread "Thread-14"                  daemon [_thread_in_native, id=21136, stack(0x0000008390700000,0x0000008390800000) (1024K)]
  0x000001c215ff3e00 JavaThread "pool-2-thread-1"                   [_thread_blocked, id=21360, stack(0x0000008390800000,0x0000008390900000) (1024K)]
  0x000001c215ff51b0 JavaThread "WorkspaceEventsHandler"            [_thread_blocked, id=22064, stack(0x0000008390900000,0x0000008390a00000) (1024K)]
  0x000001c215ff4b20 JavaThread "pool-1-thread-1"                   [_thread_blocked, id=21968, stack(0x0000008390a00000,0x0000008390b00000) (1024K)]
  0x000001c21562c7d0 JavaThread "Worker-6"                          [_thread_blocked, id=8092, stack(0x000000838ee00000,0x000000838ef00000) (1024K)]
  0x000001c214dbf4f0 JavaThread "C2 CompilerThread1"         daemon [_thread_in_native, id=18808, stack(0x000000838ed00000,0x000000838ee00000) (1024K)]
  0x000001c214dbcc10 JavaThread "C2 CompilerThread2"         daemon [_thread_in_native, id=21828, stack(0x000000838fa00000,0x000000838fb00000) (1024K)]
Total: 45

Other Threads:
  0x000001c1b61ffa00 VMThread "VM Thread"                           [id=4544, stack(0x000000838d300000,0x000000838d400000) (1024K)]
  0x000001c1b5fec950 WatcherThread "VM Periodic Task Thread"        [id=2464, stack(0x000000838d200000,0x000000838d300000) (1024K)]
  0x000001c1b617c420 WorkerThread "GC Thread#0"                     [id=21532, stack(0x000000838d100000,0x000000838d200000) (1024K)]
  0x000001c21499b880 WorkerThread "GC Thread#1"                     [id=6804, stack(0x000000838e000000,0x000000838e100000) (1024K)]
  0x000001c21499bc20 WorkerThread "GC Thread#2"                     [id=21712, stack(0x000000838e100000,0x000000838e200000) (1024K)]
  0x000001c214062960 WorkerThread "GC Thread#3"                     [id=22096, stack(0x000000838e200000,0x000000838e300000) (1024K)]
  0x000001c214062d00 WorkerThread "GC Thread#4"                     [id=22248, stack(0x000000838e300000,0x000000838e400000) (1024K)]
  0x000001c2140630a0 WorkerThread "GC Thread#5"                     [id=21608, stack(0x000000838e400000,0x000000838e500000) (1024K)]
  0x000001c2144584d0 WorkerThread "GC Thread#6"                     [id=16700, stack(0x000000838e500000,0x000000838e600000) (1024K)]
  0x000001c20f0ec770 WorkerThread "GC Thread#7"                     [id=22492, stack(0x000000838dd00000,0x000000838de00000) (1024K)]
  0x000001c20f0ec030 WorkerThread "GC Thread#8"                     [id=21748, stack(0x000000838ea00000,0x000000838eb00000) (1024K)]
  0x000001c20f0ecb10 WorkerThread "GC Thread#9"                     [id=21552, stack(0x000000838eb00000,0x000000838ec00000) (1024K)]
Total: 12

Threads with active compile tasks:
C2 CompilerThread0  29851 8461       4       org.eclipse.jdt.internal.compiler.util.JrtFileSystem$2::visitFile (72 bytes)
C2 CompilerThread1  29851 8403   !   4       org.eclipse.jdt.internal.core.search.indexing.AddJrtToIndex$JrtIndexer::visitFile (133 bytes)
C2 CompilerThread2  29851 8460       4       org.eclipse.jdt.internal.compiler.util.JrtFileSystem$2::visitFile (10 bytes)
Total: 3

VM state: not at safepoint (normal execution)

VM Mutex/Monitor currently owned by a thread: None

Heap address: 0x0000000080000000, size: 2048 MB, Compressed Oops mode: 32-bit

CDS archive(s) mapped at: [0x000001c1cd000000-0x000001c1cdba0000-0x000001c1cdba0000), size 12189696, SharedBaseAddress: 0x000001c1cd000000, ArchiveRelocationMode: 1.
Compressed class space mapped at: 0x000001c1ce000000-0x000001c20e000000, reserved size: 1073741824
Narrow klass base: 0x000001c1cd000000, Narrow klass shift: 0, Narrow klass range: 0x100000000

GC Precious Log:
 CardTable entry size: 512
 CPUs: 12 total, 12 available
 Memory: 7971M
 Large Page Support: Disabled
 NUMA Support: Disabled
 Compressed Oops: Enabled (32-bit)
 Alignments: Space 512K, Generation 512K, Heap 2M
 Heap Min Capacity: 100M
 Heap Initial Capacity: 100M
 Heap Max Capacity: 2G
 Pre-touch: Disabled
 Parallel Workers: 10

Heap:
 PSYoungGen      total 9216K, used 5537K [0x00000000d5580000, 0x00000000d6000000, 0x0000000100000000)
  eden space 7680K, 53% used [0x00000000d5580000,0x00000000d598cab0,0x00000000d5d00000)
  from space 1536K, 90% used [0x00000000d5e80000,0x00000000d5fdbc98,0x00000000d6000000)
  to   space 1536K, 0% used [0x00000000d5d00000,0x00000000d5d00000,0x00000000d5e80000)
 ParOldGen       total 130560K, used 130545K [0x0000000080000000, 0x0000000087f80000, 0x00000000d5580000)
  object space 130560K, 99% used [0x0000000080000000,0x0000000087f7c5d0,0x0000000087f80000)
 Metaspace       used 55164K, committed 56384K, reserved 1114112K
  class space    used 5871K, committed 6400K, reserved 1048576K

Card table byte_map: [0x000001c1b5b00000,0x000001c1b5f10000] _byte_map_base: 0x000001c1b5700000

Marking Bits: (ParMarkBitMap*) 0x00007ff9c03531f0
 Begin Bits: [0x000001c1c8600000, 0x000001c1ca600000)
 End Bits:   [0x000001c1ca600000, 0x000001c1cc600000)

Polling page: 0x000001c1b3f60000

Metaspace:

Usage:
  Non-class:     48.14 MB used.
      Class:      5.73 MB used.
       Both:     53.87 MB used.

Virtual space:
  Non-class space:       64.00 MB reserved,      48.81 MB ( 76%) committed,  1 nodes.
      Class space:        1.00 GB reserved,       6.25 MB ( <1%) committed,  1 nodes.
             Both:        1.06 GB reserved,      55.06 MB (  5%) committed. 

Chunk freelists:
   Non-Class:  14.77 MB
       Class:  9.76 MB
        Both:  24.53 MB

MaxMetaspaceSize: unlimited
CompressedClassSpaceSize: 1.00 GB
Initial GC threshold: 21.00 MB
Current GC threshold: 58.38 MB
CDS: on
 - commit_granule_bytes: 65536.
 - commit_granule_words: 8192.
 - virtual_space_node_default_size: 8388608.
 - enlarge_chunks_in_place: 1.
 - use_allocation_guard: 0.


Internal statistics:

num_allocs_failed_limit: 6.
num_arena_births: 978.
num_arena_deaths: 24.
num_vsnodes_births: 2.
num_vsnodes_deaths: 0.
num_space_committed: 881.
num_space_uncommitted: 0.
num_chunks_returned_to_freelist: 34.
num_chunks_taken_from_freelist: 3337.
num_chunk_merges: 9.
num_chunk_splits: 2084.
num_chunks_enlarged: 1246.
num_inconsistent_stats: 0.

CodeHeap 'non-profiled nmethods': size=120000Kb used=5795Kb max_used=5795Kb free=114204Kb
 bounds [0x000001c1c0e20000, 0x000001c1c13d0000, 0x000001c1c8350000]
CodeHeap 'profiled nmethods': size=120000Kb used=16558Kb max_used=16558Kb free=103441Kb
 bounds [0x000001c1b9350000, 0x000001c1ba380000, 0x000001c1c0880000]
CodeHeap 'non-nmethods': size=5760Kb used=1426Kb max_used=1548Kb free=4334Kb
 bounds [0x000001c1c0880000, 0x000001c1c0af0000, 0x000001c1c0e20000]
 total_blobs=8598 nmethods=7877 adapters=627
 compilation: enabled
              stopped_count=0, restarted_count=0
 full_count=0

Compilation events (20 events):
Event: 28.604 Thread 0x000001c1b620a310 8312       4       org.apache.maven.model.validation.DefaultModelValidator::validateEffectiveDependency (631 bytes)
Event: 28.606 Thread 0x000001c1b621d0f0 nmethod 8453 0x000001c1ba370490 code [0x000001c1ba370b40, 0x000001c1ba3740d0]
Event: 28.608 Thread 0x000001c1b621d0f0 8455       3       sun.nio.fs.WindowsPath::normalize (365 bytes)
Event: 28.608 Thread 0x000001c214dbcc10 nmethod 8451 0x000001c1c13c3e10 code [0x000001c1c13c3fe0, 0x000001c1c13c45b0]
Event: 28.608 Thread 0x000001c214dbcc10 8374       4       java.nio.CharBuffer::position (8 bytes)
Event: 28.609 Thread 0x000001c214dbcc10 nmethod 8374 0x000001c1c13c4890 code [0x000001c1c13c4a20, 0x000001c1c13c4b10]
Event: 28.610 Thread 0x000001c1b621d0f0 nmethod 8455 0x000001c1ba375390 code [0x000001c1ba375880, 0x000001c1ba3781b8]
Event: 28.610 Thread 0x000001c1b621d0f0 8456       3       org.eclipse.jdt.internal.core.search.indexing.AbstractIndexer::addEnumDeclaration (114 bytes)
Event: 28.610 Thread 0x000001c214dbcc10 8457       4       java.lang.reflect.Method::isBridge (16 bytes)
Event: 28.611 Thread 0x000001c214dbcc10 nmethod 8457 0x000001c1c13c4c10 code [0x000001c1c13c4da0, 0x000001c1c13c4e38]
Event: 28.611 Thread 0x000001c214dbcc10 8458   !   4       java.util.concurrent.ConcurrentHashMap::computeIfAbsent (576 bytes)
Event: 28.611 Thread 0x000001c1b621d0f0 nmethod 8456 0x000001c1ba379090 code [0x000001c1ba3793e0, 0x000001c1ba37a928]
Event: 28.612 Thread 0x000001c1b621d0f0 8454       3       sun.nio.fs.WindowsPath::getNameCount (10 bytes)
Event: 28.612 Thread 0x000001c1b621d0f0 nmethod 8454 0x000001c1ba37b290 code [0x000001c1ba37b440, 0x000001c1ba37b598]
Event: 28.612 Thread 0x000001c1b621d0f0 8459       3       com.google.common.collect.SingletonImmutableSet::contains (9 bytes)
Event: 28.612 Thread 0x000001c1b621d0f0 nmethod 8459 0x000001c1ba37b690 code [0x000001c1ba37b840, 0x000001c1ba37ba18]
Event: 28.622 Thread 0x000001c214dbcc10 nmethod 8458 0x000001c1c13c4f10 code [0x000001c1c13c5140, 0x000001c1c13c6240]
Event: 28.623 Thread 0x000001c1b620a310 nmethod 8312 0x000001c1c13c6b90 code [0x000001c1c13c6ee0, 0x000001c1c13c8188]
Event: 28.627 Thread 0x000001c214dbcc10 8460       4       org.eclipse.jdt.internal.compiler.util.JrtFileSystem$2::visitFile (10 bytes)
Event: 28.627 Thread 0x000001c1b620a310 8461       4       org.eclipse.jdt.internal.compiler.util.JrtFileSystem$2::visitFile (72 bytes)

GC Heap History (20 events):
Event: 28.505 GC heap before
{Heap before GC invocations=62 (full 2):
 PSYoungGen      total 11264K, used 10688K [0x00000000d5580000, 0x00000000d6280000, 0x0000000100000000)
  eden space 9216K, 100% used [0x00000000d5580000,0x00000000d5e80000,0x00000000d5e80000)
  from space 2048K, 71% used [0x00000000d5e80000,0x00000000d5ff0000,0x00000000d6080000)
  to   space 2048K, 0% used [0x00000000d6080000,0x00000000d6080000,0x00000000d6280000)
 ParOldGen       total 115712K, used 115259K [0x0000000080000000, 0x0000000087100000, 0x00000000d5580000)
  object space 115712K, 99% used [0x0000000080000000,0x000000008708ee58,0x0000000087100000)
 Metaspace       used 54996K, committed 56256K, reserved 1114112K
  class space    used 5859K, committed 6400K, reserved 1048576K
}
Event: 28.508 GC heap after
{Heap after GC invocations=62 (full 2):
 PSYoungGen      total 11264K, used 1824K [0x00000000d5580000, 0x00000000d6280000, 0x0000000100000000)
  eden space 9216K, 0% used [0x00000000d5580000,0x00000000d5580000,0x00000000d5e80000)
  from space 2048K, 89% used [0x00000000d6080000,0x00000000d6248010,0x00000000d6280000)
  to   space 2048K, 0% used [0x00000000d5e80000,0x00000000d5e80000,0x00000000d6080000)
 ParOldGen       total 116736K, used 116549K [0x0000000080000000, 0x0000000087200000, 0x00000000d5580000)
  object space 116736K, 99% used [0x0000000080000000,0x00000000871d15d8,0x0000000087200000)
 Metaspace       used 54996K, committed 56256K, reserved 1114112K
  class space    used 5859K, committed 6400K, reserved 1048576K
}
Event: 28.539 GC heap before
{Heap before GC invocations=63 (full 2):
 PSYoungGen      total 11264K, used 11040K [0x00000000d5580000, 0x00000000d6280000, 0x0000000100000000)
  eden space 9216K, 100% used [0x00000000d5580000,0x00000000d5e80000,0x00000000d5e80000)
  from space 2048K, 89% used [0x00000000d6080000,0x00000000d6248010,0x00000000d6280000)
  to   space 2048K, 0% used [0x00000000d5e80000,0x00000000d5e80000,0x00000000d6080000)
 ParOldGen       total 116736K, used 116549K [0x0000000080000000, 0x0000000087200000, 0x00000000d5580000)
  object space 116736K, 99% used [0x0000000080000000,0x00000000871d15d8,0x0000000087200000)
 Metaspace       used 55005K, committed 56256K, reserved 1114112K
  class space    used 5859K, committed 6400K, reserved 1048576K
}
Event: 28.540 GC heap after
{Heap after GC invocations=63 (full 2):
 PSYoungGen      total 11264K, used 1720K [0x00000000d5580000, 0x00000000d6280000, 0x0000000100000000)
  eden space 9216K, 0% used [0x00000000d5580000,0x00000000d5580000,0x00000000d5e80000)
  from space 2048K, 84% used [0x00000000d5e80000,0x00000000d602e328,0x00000000d6080000)
  to   space 2048K, 0% used [0x00000000d6080000,0x00000000d6080000,0x00000000d6280000)
 ParOldGen       total 118272K, used 118145K [0x0000000080000000, 0x0000000087380000, 0x00000000d5580000)
  object space 118272K, 99% used [0x0000000080000000,0x0000000087360438,0x0000000087380000)
 Metaspace       used 55005K, committed 56256K, reserved 1114112K
  class space    used 5859K, committed 6400K, reserved 1048576K
}
Event: 28.572 GC heap before
{Heap before GC invocations=64 (full 2):
 PSYoungGen      total 11264K, used 10931K [0x00000000d5580000, 0x00000000d6280000, 0x0000000100000000)
  eden space 9216K, 99% used [0x00000000d5580000,0x00000000d5e7eaa0,0x00000000d5e80000)
  from space 2048K, 84% used [0x00000000d5e80000,0x00000000d602e328,0x00000000d6080000)
  to   space 2048K, 0% used [0x00000000d6080000,0x00000000d6080000,0x00000000d6280000)
 ParOldGen       total 118272K, used 118145K [0x0000000080000000, 0x0000000087380000, 0x00000000d5580000)
  object space 118272K, 99% used [0x0000000080000000,0x0000000087360438,0x0000000087380000)
 Metaspace       used 55033K, committed 56256K, reserved 1114112K
  class space    used 5862K, committed 6400K, reserved 1048576K
}
Event: 28.573 GC heap after
{Heap after GC invocations=64 (full 2):
 PSYoungGen      total 11264K, used 1591K [0x00000000d5580000, 0x00000000d6280000, 0x0000000100000000)
  eden space 9216K, 0% used [0x00000000d5580000,0x00000000d5580000,0x00000000d5e80000)
  from space 2048K, 77% used [0x00000000d6080000,0x00000000d620de10,0x00000000d6280000)
  to   space 2048K, 0% used [0x00000000d5e80000,0x00000000d5e80000,0x00000000d6080000)
 ParOldGen       total 119808K, used 119657K [0x0000000080000000, 0x0000000087500000, 0x00000000d5580000)
  object space 119808K, 99% used [0x0000000080000000,0x00000000874da608,0x0000000087500000)
 Metaspace       used 55033K, committed 56256K, reserved 1114112K
  class space    used 5862K, committed 6400K, reserved 1048576K
}
Event: 28.606 GC heap before
{Heap before GC invocations=65 (full 2):
 PSYoungGen      total 11264K, used 10807K [0x00000000d5580000, 0x00000000d6280000, 0x0000000100000000)
  eden space 9216K, 100% used [0x00000000d5580000,0x00000000d5e80000,0x00000000d5e80000)
  from space 2048K, 77% used [0x00000000d6080000,0x00000000d620de10,0x00000000d6280000)
  to   space 2048K, 0% used [0x00000000d5e80000,0x00000000d5e80000,0x00000000d6080000)
 ParOldGen       total 119808K, used 119657K [0x0000000080000000, 0x0000000087500000, 0x00000000d5580000)
  object space 119808K, 99% used [0x0000000080000000,0x00000000874da608,0x0000000087500000)
 Metaspace       used 55146K, committed 56384K, reserved 1114112K
  class space    used 5869K, committed 6400K, reserved 1048576K
}
Event: 28.607 GC heap after
{Heap after GC invocations=65 (full 2):
 PSYoungGen      total 11264K, used 1561K [0x00000000d5580000, 0x00000000d6280000, 0x0000000100000000)
  eden space 9216K, 0% used [0x00000000d5580000,0x00000000d5580000,0x00000000d5e80000)
  from space 2048K, 76% used [0x00000000d5e80000,0x00000000d60065c8,0x00000000d6080000)
  to   space 2048K, 0% used [0x00000000d6080000,0x00000000d6080000,0x00000000d6280000)
 ParOldGen       total 121344K, used 121018K [0x0000000080000000, 0x0000000087680000, 0x00000000d5580000)
  object space 121344K, 99% used [0x0000000080000000,0x000000008762e918,0x0000000087680000)
 Metaspace       used 55146K, committed 56384K, reserved 1114112K
  class space    used 5869K, committed 6400K, reserved 1048576K
}
Event: 28.632 GC heap before
{Heap before GC invocations=66 (full 2):
 PSYoungGen      total 11264K, used 10777K [0x00000000d5580000, 0x00000000d6280000, 0x0000000100000000)
  eden space 9216K, 100% used [0x00000000d5580000,0x00000000d5e80000,0x00000000d5e80000)
  from space 2048K, 76% used [0x00000000d5e80000,0x00000000d60065c8,0x00000000d6080000)
  to   space 2048K, 0% used [0x00000000d6080000,0x00000000d6080000,0x00000000d6280000)
 ParOldGen       total 121344K, used 121018K [0x0000000080000000, 0x0000000087680000, 0x00000000d5580000)
  object space 121344K, 99% used [0x0000000080000000,0x000000008762e918,0x0000000087680000)
 Metaspace       used 55164K, committed 56384K, reserved 1114112K
  class space    used 5871K, committed 6400K, reserved 1048576K
}
Event: 28.635 GC heap after
{Heap after GC invocations=66 (full 2):
 PSYoungGen      total 10752K, used 1496K [0x00000000d5580000, 0x00000000d6200000, 0x0000000100000000)
  eden space 9216K, 0% used [0x00000000d5580000,0x00000000d5580000,0x00000000d5e80000)
  from space 1536K, 97% used [0x00000000d6080000,0x00000000d61f6098,0x00000000d6200000)
  to   space 1536K, 0% used [0x00000000d5f00000,0x00000000d5f00000,0x00000000d6080000)
 ParOldGen       total 122880K, used 122429K [0x0000000080000000, 0x0000000087800000, 0x00000000d5580000)
  object space 122880K, 99% used [0x0000000080000000,0x000000008778f558,0x0000000087800000)
 Metaspace       used 55164K, committed 56384K, reserved 1114112K
  class space    used 5871K, committed 6400K, reserved 1048576K
}
Event: 28.661 GC heap before
{Heap before GC invocations=67 (full 2):
 PSYoungGen      total 10752K, used 10712K [0x00000000d5580000, 0x00000000d6200000, 0x0000000100000000)
  eden space 9216K, 100% used [0x00000000d5580000,0x00000000d5e80000,0x00000000d5e80000)
  from space 1536K, 97% used [0x00000000d6080000,0x00000000d61f6098,0x00000000d6200000)
  to   space 1536K, 0% used [0x00000000d5f00000,0x00000000d5f00000,0x00000000d6080000)
 ParOldGen       total 122880K, used 122429K [0x0000000080000000, 0x0000000087800000, 0x00000000d5580000)
  object space 122880K, 99% used [0x0000000080000000,0x000000008778f558,0x0000000087800000)
 Metaspace       used 55164K, committed 56384K, reserved 1114112K
  class space    used 5871K, committed 6400K, reserved 1048576K
}
Event: 28.663 GC heap after
{Heap after GC invocations=67 (full 2):
 PSYoungGen      total 10752K, used 1515K [0x00000000d5580000, 0x00000000d6180000, 0x0000000100000000)
  eden space 9216K, 0% used [0x00000000d5580000,0x00000000d5580000,0x00000000d5e80000)
  from space 1536K, 98% used [0x00000000d5f00000,0x00000000d607aef8,0x00000000d6080000)
  to   space 1024K, 0% used [0x00000000d6080000,0x00000000d6080000,0x00000000d6180000)
 ParOldGen       total 123904K, used 123839K [0x0000000080000000, 0x0000000087900000, 0x00000000d5580000)
  object space 123904K, 99% used [0x0000000080000000,0x00000000878efd40,0x0000000087900000)
 Metaspace       used 55164K, committed 56384K, reserved 1114112K
  class space    used 5871K, committed 6400K, reserved 1048576K
}
Event: 28.695 GC heap before
{Heap before GC invocations=68 (full 2):
 PSYoungGen      total 10752K, used 10731K [0x00000000d5580000, 0x00000000d6180000, 0x0000000100000000)
  eden space 9216K, 100% used [0x00000000d5580000,0x00000000d5e80000,0x00000000d5e80000)
  from space 1536K, 98% used [0x00000000d5f00000,0x00000000d607aef8,0x00000000d6080000)
  to   space 1024K, 0% used [0x00000000d6080000,0x00000000d6080000,0x00000000d6180000)
 ParOldGen       total 123904K, used 123839K [0x0000000080000000, 0x0000000087900000, 0x00000000d5580000)
  object space 123904K, 99% used [0x0000000080000000,0x00000000878efd40,0x0000000087900000)
 Metaspace       used 55164K, committed 56384K, reserved 1114112K
  class space    used 5871K, committed 6400K, reserved 1048576K
}
Event: 28.698 GC heap after
{Heap after GC invocations=68 (full 2):
 PSYoungGen      total 8704K, used 1003K [0x00000000d5580000, 0x00000000d6580000, 0x0000000100000000)
  eden space 7680K, 0% used [0x00000000d5580000,0x00000000d5580000,0x00000000d5d00000)
  from space 1024K, 97% used [0x00000000d6080000,0x00000000d617ac28,0x00000000d6180000)
  to   space 3584K, 0% used [0x00000000d5d00000,0x00000000d5d00000,0x00000000d6080000)
 ParOldGen       total 125952K, used 125736K [0x0000000080000000, 0x0000000087b00000, 0x00000000d5580000)
  object space 125952K, 99% used [0x0000000080000000,0x0000000087aca200,0x0000000087b00000)
 Metaspace       used 55164K, committed 56384K, reserved 1114112K
  class space    used 5871K, committed 6400K, reserved 1048576K
}
Event: 28.726 GC heap before
{Heap before GC invocations=69 (full 2):
 PSYoungGen      total 8704K, used 8683K [0x00000000d5580000, 0x00000000d6580000, 0x0000000100000000)
  eden space 7680K, 100% used [0x00000000d5580000,0x00000000d5d00000,0x00000000d5d00000)
  from space 1024K, 97% used [0x00000000d6080000,0x00000000d617ac28,0x00000000d6180000)
  to   space 3584K, 0% used [0x00000000d5d00000,0x00000000d5d00000,0x00000000d6080000)
 ParOldGen       total 125952K, used 125736K [0x0000000080000000, 0x0000000087b00000, 0x00000000d5580000)
  object space 125952K, 99% used [0x0000000080000000,0x0000000087aca200,0x0000000087b00000)
 Metaspace       used 55164K, committed 56384K, reserved 1114112K
  class space    used 5871K, committed 6400K, reserved 1048576K
}
Event: 28.728 GC heap after
{Heap after GC invocations=69 (full 2):
 PSYoungGen      total 9216K, used 1366K [0x00000000d5580000, 0x00000000d6100000, 0x0000000100000000)
  eden space 7680K, 0% used [0x00000000d5580000,0x00000000d5580000,0x00000000d5d00000)
  from space 1536K, 88% used [0x00000000d5d00000,0x00000000d5e55950,0x00000000d5e80000)
  to   space 2048K, 0% used [0x00000000d5f00000,0x00000000d5f00000,0x00000000d6100000)
 ParOldGen       total 126976K, used 126745K [0x0000000080000000, 0x0000000087c00000, 0x00000000d5580000)
  object space 126976K, 99% used [0x0000000080000000,0x0000000087bc6768,0x0000000087c00000)
 Metaspace       used 55164K, committed 56384K, reserved 1114112K
  class space    used 5871K, committed 6400K, reserved 1048576K
}
Event: 28.759 GC heap before
{Heap before GC invocations=70 (full 2):
 PSYoungGen      total 9216K, used 9046K [0x00000000d5580000, 0x00000000d6100000, 0x0000000100000000)
  eden space 7680K, 100% used [0x00000000d5580000,0x00000000d5d00000,0x00000000d5d00000)
  from space 1536K, 88% used [0x00000000d5d00000,0x00000000d5e55950,0x00000000d5e80000)
  to   space 2048K, 0% used [0x00000000d5f00000,0x00000000d5f00000,0x00000000d6100000)
 ParOldGen       total 126976K, used 126745K [0x0000000080000000, 0x0000000087c00000, 0x00000000d5580000)
  object space 126976K, 99% used [0x0000000080000000,0x0000000087bc6768,0x0000000087c00000)
 Metaspace       used 55164K, committed 56384K, reserved 1114112K
  class space    used 5871K, committed 6400K, reserved 1048576K
}
Event: 28.761 GC heap after
{Heap after GC invocations=70 (full 2):
 PSYoungGen      total 9216K, used 1416K [0x00000000d5580000, 0x00000000d6080000, 0x0000000100000000)
  eden space 7680K, 0% used [0x00000000d5580000,0x00000000d5580000,0x00000000d5d00000)
  from space 1536K, 92% used [0x00000000d5f00000,0x00000000d6062148,0x00000000d6080000)
  to   space 1536K, 0% used [0x00000000d5d00000,0x00000000d5d00000,0x00000000d5e80000)
 ParOldGen       total 128512K, used 128027K [0x0000000080000000, 0x0000000087d80000, 0x00000000d5580000)
  object space 128512K, 99% used [0x0000000080000000,0x0000000087d06d00,0x0000000087d80000)
 Metaspace       used 55164K, committed 56384K, reserved 1114112K
  class space    used 5871K, committed 6400K, reserved 1048576K
}
Event: 28.788 GC heap before
{Heap before GC invocations=71 (full 2):
 PSYoungGen      total 9216K, used 9096K [0x00000000d5580000, 0x00000000d6080000, 0x0000000100000000)
  eden space 7680K, 100% used [0x00000000d5580000,0x00000000d5d00000,0x00000000d5d00000)
  from space 1536K, 92% used [0x00000000d5f00000,0x00000000d6062148,0x00000000d6080000)
  to   space 1536K, 0% used [0x00000000d5d00000,0x00000000d5d00000,0x00000000d5e80000)
 ParOldGen       total 128512K, used 128027K [0x0000000080000000, 0x0000000087d80000, 0x00000000d5580000)
  object space 128512K, 99% used [0x0000000080000000,0x0000000087d06d00,0x0000000087d80000)
 Metaspace       used 55164K, committed 56384K, reserved 1114112K
  class space    used 5871K, committed 6400K, reserved 1048576K
}
Event: 28.790 GC heap after
{Heap after GC invocations=71 (full 2):
 PSYoungGen      total 9216K, used 1391K [0x00000000d5580000, 0x00000000d6000000, 0x0000000100000000)
  eden space 7680K, 0% used [0x00000000d5580000,0x00000000d5580000,0x00000000d5d00000)
  from space 1536K, 90% used [0x00000000d5d00000,0x00000000d5e5bd28,0x00000000d5e80000)
  to   space 1536K, 0% used [0x00000000d5e80000,0x00000000d5e80000,0x00000000d6000000)
 ParOldGen       total 129536K, used 129308K [0x0000000080000000, 0x0000000087e80000, 0x00000000d5580000)
  object space 129536K, 99% used [0x0000000080000000,0x0000000087e47220,0x0000000087e80000)
 Metaspace       used 55164K, committed 56384K, reserved 1114112K
  class space    used 5871K, committed 6400K, reserved 1048576K
}

Dll operation events (14 events):
Event: 0.013 Loaded shared library c:\Users\Phu\.vscode\extensions\redhat.java-1.43.1-win32-x64\jre\21.0.7-win32-x86_64\bin\java.dll
Event: 0.102 Loaded shared library c:\Users\Phu\.vscode\extensions\redhat.java-1.43.1-win32-x64\jre\21.0.7-win32-x86_64\bin\zip.dll
Event: 0.126 Loaded shared library C:\Users\Phu\.vscode\extensions\redhat.java-1.43.1-win32-x64\jre\21.0.7-win32-x86_64\bin\instrument.dll
Event: 0.131 Loaded shared library C:\Users\Phu\.vscode\extensions\redhat.java-1.43.1-win32-x64\jre\21.0.7-win32-x86_64\bin\net.dll
Event: 0.134 Loaded shared library C:\Users\Phu\.vscode\extensions\redhat.java-1.43.1-win32-x64\jre\21.0.7-win32-x86_64\bin\nio.dll
Event: 0.139 Loaded shared library C:\Users\Phu\.vscode\extensions\redhat.java-1.43.1-win32-x64\jre\21.0.7-win32-x86_64\bin\zip.dll
Event: 0.161 Loaded shared library C:\Users\Phu\.vscode\extensions\redhat.java-1.43.1-win32-x64\jre\21.0.7-win32-x86_64\bin\jimage.dll
Event: 0.234 Loaded shared library c:\Users\Phu\.vscode\extensions\redhat.java-1.43.1-win32-x64\jre\21.0.7-win32-x86_64\bin\verify.dll
Event: 6.041 Loaded shared library C:\Users\Phu\AppData\Roaming\Code\User\globalStorage\redhat.java\1.43.1\config_win\org.eclipse.equinox.launcher\org.eclipse.equinox.launcher.win32.win32.x86_64_1.2.1300.v20250331-1702\eclipse_11911.dll
Event: 16.581 Loaded shared library C:\Users\Phu\.vscode\extensions\redhat.java-1.43.1-win32-x64\jre\21.0.7-win32-x86_64\bin\management.dll
Event: 16.584 Loaded shared library C:\Users\Phu\.vscode\extensions\redhat.java-1.43.1-win32-x64\jre\21.0.7-win32-x86_64\bin\management_ext.dll
Event: 17.780 Loaded shared library C:\Users\Phu\AppData\Local\Temp\jna-80221\jna11456834869756920741.dll
Event: 18.917 Loaded shared library C:\Users\Phu\.vscode\extensions\redhat.java-1.43.1-win32-x64\jre\21.0.7-win32-x86_64\bin\sunmscapi.dll
Event: 19.232 Loaded shared library C:\Users\Phu\.vscode\extensions\redhat.java-1.43.1-win32-x64\jre\21.0.7-win32-x86_64\bin\extnet.dll

Deoptimization events (20 events):
Event: 28.558 Thread 0x000001c21471c8d0 Uncommon trap: trap_request=0xffffffde fr.pc=0x000001c1c1199af8 relative=0x0000000000000838
Event: 28.558 Thread 0x000001c21471c8d0 Uncommon trap: reason=class_check action=maybe_recompile pc=0x000001c1c1199af8 method=java.util.WeakHashMap.matchesKey(Ljava/util/WeakHashMap$Entry;Ljava/lang/Object;)Z @ 21 c2
Event: 28.558 Thread 0x000001c21471c8d0 DEOPT PACKING pc=0x000001c1c1199af8 sp=0x000000838f1fd180
Event: 28.558 Thread 0x000001c21471c8d0 DEOPT UNPACKING pc=0x000001c1c08d6da2 sp=0x000000838f1fd0c8 mode 2
Event: 28.558 Thread 0x000001c21471c8d0 Uncommon trap: trap_request=0xffffffde fr.pc=0x000001c1c1199af8 relative=0x0000000000000838
Event: 28.558 Thread 0x000001c21471c8d0 Uncommon trap: reason=class_check action=maybe_recompile pc=0x000001c1c1199af8 method=java.util.WeakHashMap.matchesKey(Ljava/util/WeakHashMap$Entry;Ljava/lang/Object;)Z @ 21 c2
Event: 28.558 Thread 0x000001c21471c8d0 DEOPT PACKING pc=0x000001c1c1199af8 sp=0x000000838f1fd190
Event: 28.558 Thread 0x000001c21471c8d0 DEOPT UNPACKING pc=0x000001c1c08d6da2 sp=0x000000838f1fd0d8 mode 2
Event: 28.594 Thread 0x000001c21471c8d0 Uncommon trap: trap_request=0xffffff45 fr.pc=0x000001c1c10b38c0 relative=0x0000000000000120
Event: 28.594 Thread 0x000001c21471c8d0 Uncommon trap: reason=unstable_if action=reinterpret pc=0x000001c1c10b38c0 method=java.util.ArrayDeque.addLast(Ljava/lang/Object;)V @ 42 c2
Event: 28.594 Thread 0x000001c21471c8d0 DEOPT PACKING pc=0x000001c1c10b38c0 sp=0x000000838f1fd600
Event: 28.594 Thread 0x000001c21471c8d0 DEOPT UNPACKING pc=0x000001c1c08d6da2 sp=0x000000838f1fd5a0 mode 2
Event: 28.597 Thread 0x000001c21471c8d0 Uncommon trap: trap_request=0xffffff45 fr.pc=0x000001c1c1273040 relative=0x0000000000000b60
Event: 28.597 Thread 0x000001c21471c8d0 Uncommon trap: reason=unstable_if action=reinterpret pc=0x000001c1c1273040 method=sun.nio.fs.WindowsPath.initOffsets()V @ 4 c2
Event: 28.597 Thread 0x000001c21471c8d0 DEOPT PACKING pc=0x000001c1c1273040 sp=0x000000838f1fcb50
Event: 28.597 Thread 0x000001c21471c8d0 DEOPT UNPACKING pc=0x000001c1c08d6da2 sp=0x000000838f1fca30 mode 2
Event: 28.597 Thread 0x000001c21471c8d0 Uncommon trap: trap_request=0xffffff45 fr.pc=0x000001c1c10eafd4 relative=0x0000000000001594
Event: 28.597 Thread 0x000001c21471c8d0 Uncommon trap: reason=unstable_if action=reinterpret pc=0x000001c1c10eafd4 method=lombok.eclipse.agent.EclipsePatcher$1.shouldTransform(Ljava/lang/ClassLoader;Ljava/lang/String;Ljava/lang/Class;Ljava/security/ProtectionDomain;[B)Z @ 80 c2
Event: 28.597 Thread 0x000001c21471c8d0 DEOPT PACKING pc=0x000001c1c10eafd4 sp=0x000000838f1fbb40
Event: 28.597 Thread 0x000001c21471c8d0 DEOPT UNPACKING pc=0x000001c1c08d6da2 sp=0x000000838f1fba20 mode 2

Classes loaded (20 events):
Event: 26.135 Loading class sun/nio/ch/Util$4
Event: 26.135 Loading class sun/nio/ch/Util$4 done
Event: 26.145 Loading class java/nio/file/ClosedDirectoryStreamException
Event: 26.145 Loading class java/nio/file/ClosedDirectoryStreamException done
Event: 26.146 Loading class jdk/internal/jrtfs/JrtFileSystem
Event: 26.146 Loading class jdk/internal/jrtfs/JrtFileSystem done
Event: 26.146 Loading class jdk/internal/jrtfs/JrtPath
Event: 26.147 Loading class jdk/internal/jrtfs/JrtPath done
Event: 26.147 Loading class jdk/internal/jimage/ImageReader$Node
Event: 26.147 Loading class jdk/internal/jimage/ImageReader$Node done
Event: 26.152 Loading class java/nio/ByteBufferAsIntBufferL
Event: 26.153 Loading class java/nio/ByteBufferAsIntBufferL done
Event: 26.155 Loading class jdk/internal/jimage/ImageReader$Directory
Event: 26.155 Loading class jdk/internal/jimage/ImageReader$Directory done
Event: 26.223 Loading class java/nio/channels/Channels$ReadableByteChannelImpl
Event: 26.224 Loading class java/nio/channels/Channels$ReadableByteChannelImpl done
Event: 26.225 Loading class java/nio/channels/NonWritableChannelException
Event: 26.225 Loading class java/nio/channels/NonWritableChannelException done
Event: 28.441 Loading class sun/nio/cs/ISO_8859_1$Decoder
Event: 28.441 Loading class sun/nio/cs/ISO_8859_1$Decoder done

Classes unloaded (12 events):
Event: 17.147 Thread 0x000001c1b61ffa00 Unloading class 0x000001c1ce1a4800 'java/lang/invoke/LambdaForm$MH+0x000001c1ce1a4800'
Event: 17.147 Thread 0x000001c1b61ffa00 Unloading class 0x000001c1ce1a4400 'java/lang/invoke/LambdaForm$MH+0x000001c1ce1a4400'
Event: 17.147 Thread 0x000001c1b61ffa00 Unloading class 0x000001c1ce1a4000 'java/lang/invoke/LambdaForm$MH+0x000001c1ce1a4000'
Event: 17.147 Thread 0x000001c1b61ffa00 Unloading class 0x000001c1ce1a3c00 'java/lang/invoke/LambdaForm$MH+0x000001c1ce1a3c00'
Event: 17.147 Thread 0x000001c1b61ffa00 Unloading class 0x000001c1ce1a3800 'java/lang/invoke/LambdaForm$BMH+0x000001c1ce1a3800'
Event: 17.147 Thread 0x000001c1b61ffa00 Unloading class 0x000001c1ce1a3400 'java/lang/invoke/LambdaForm$DMH+0x000001c1ce1a3400'
Event: 17.147 Thread 0x000001c1b61ffa00 Unloading class 0x000001c1ce1a2000 'java/lang/invoke/LambdaForm$DMH+0x000001c1ce1a2000'
Event: 19.150 Thread 0x000001c1b61ffa00 Unloading class 0x000001c1ce341400 'java/lang/invoke/LambdaForm$MH+0x000001c1ce341400'
Event: 19.150 Thread 0x000001c1b61ffa00 Unloading class 0x000001c1ce340800 'java/lang/invoke/LambdaForm$MH+0x000001c1ce340800'
Event: 19.150 Thread 0x000001c1b61ffa00 Unloading class 0x000001c1ce340000 'java/lang/invoke/LambdaForm$MH+0x000001c1ce340000'
Event: 19.150 Thread 0x000001c1b61ffa00 Unloading class 0x000001c1ce33b800 'java/lang/invoke/LambdaForm$MH+0x000001c1ce33b800'
Event: 19.150 Thread 0x000001c1b61ffa00 Unloading class 0x000001c1ce33b400 'java/lang/invoke/LambdaForm$DMH+0x000001c1ce33b400'

Classes redefined (0 events):
No events

Internal exceptions (20 events):
Event: 26.077 Thread 0x000001c21471c8d0 Exception <a 'java/lang/NoSuchMethodError'{0x00000000d68e6ec8}: 'java.lang.Object java.lang.invoke.DirectMethodHandle$Holder.newInvokeSpecial(java.lang.Object, java.lang.Object, int)'> (0x00000000d68e6ec8) 
thrown [s\src\hotspot\share\interpreter\linkResolver.cpp, line 773]
Event: 26.125 Thread 0x000001c21471c8d0 Exception <a 'java/lang/NoSuchMethodError'{0x00000000d56efbf8}: 'java.lang.Object java.lang.invoke.DirectMethodHandle$Holder.invokeInterface(java.lang.Object, java.lang.Object, java.lang.Object, java.lang.Object, java.lang.Object)'> (0x00000000d56efbf8) 
thrown [s\src\hotspot\share\interpreter\linkResolver.cpp, line 773]
Event: 26.128 Thread 0x000001c21471c8d0 Exception <a 'java/lang/NoSuchMethodError'{0x00000000d5758ee0}: 'void java.lang.invoke.DirectMethodHandle$Holder.invokeStatic(java.lang.Object, int)'> (0x00000000d5758ee0) 
thrown [s\src\hotspot\share\interpreter\linkResolver.cpp, line 773]
Event: 26.137 Thread 0x000001c21471a170 Exception <a 'java/lang/NoSuchMethodError'{0x00000000d57f2b48}: 'java.lang.Object java.lang.invoke.DelegatingMethodHandle$Holder.reinvoke_L(java.lang.Object, int, long, java.lang.Object, java.lang.Object, int, java.lang.Object)'> (0x00000000d57f2b48) 
thrown [s\src\hotspot\share\interpreter\linkResolver.cpp, line 773]
Event: 26.248 Thread 0x000001c21471c8d0 Exception <a 'java/lang/NoSuchMethodError'{0x00000000d6550398}: 'java.lang.Object java.lang.invoke.DirectMethodHandle$Holder.newInvokeSpecial(java.lang.Object, java.lang.Object, int, java.lang.Object, int)'> (0x00000000d6550398) 
thrown [s\src\hotspot\share\interpreter\linkResolver.cpp, line 773]
Event: 26.248 Thread 0x000001c21471c8d0 Exception <a 'java/lang/NoSuchMethodError'{0x00000000d65579e8}: 'java.lang.Object java.lang.invoke.Invokers$Holder.linkToTargetMethod(java.lang.Object, int, java.lang.Object, int, java.lang.Object)'> (0x00000000d65579e8) 
thrown [s\src\hotspot\share\interpreter\linkResolver.cpp, line 773]
Event: 26.268 Thread 0x000001c21471c8d0 Exception <a 'java/io/FileNotFoundException'{0x00000000d67fced0}> (0x00000000d67fced0) 
thrown [s\src\hotspot\share\prims\jni.cpp, line 520]
Event: 26.442 Thread 0x000001c21471a170 Implicit null exception at 0x000001c1c120d8da to 0x000001c1c120d9d8
Event: 27.412 Thread 0x000001c21471a170 Implicit null exception at 0x000001c1c12d3b3b to 0x000001c1c12d7c98
Event: 27.908 Thread 0x000001c21471c8d0 Exception <a 'java/lang/NoSuchMethodError'{0x00000000d5789078}: 'int java.lang.invoke.DirectMethodHandle$Holder.invokeSpecialIFC(java.lang.Object, java.lang.Object, java.lang.Object)'> (0x00000000d5789078) 
thrown [s\src\hotspot\share\interpreter\linkResolver.cpp, line 773]
Event: 27.916 Thread 0x000001c21471c8d0 Exception <a 'java/lang/NoSuchMethodError'{0x00000000d58343c8}: 'java.lang.Object java.lang.invoke.Invokers$Holder.invoker(java.lang.Object, java.lang.Object, java.lang.Object, java.lang.Object, java.lang.Object, java.lang.Object, java.lang.Object, java.lang.Object, java.lang.Object, java.lang.Object, java.lang.Object, java.lang.Object, java.lang.Object)'> (0x00000000d58343c8) 
thrown [s\src\hotspot\share\interpreter\linkResolver.cpp, line 773]
Event: 27.917 Thread 0x000001c21471c8d0 Exception <a 'java/lang/NoSuchMethodError'{0x00000000d583fd90}: 'java.lang.Object java.lang.invoke.DelegatingMethodHandle$Holder.delegate(java.lang.Object, java.lang.Object, java.lang.Object, java.lang.Object, java.lang.Object, java.lang.Object, java.lang.Object, java.lang.Object, java.lang.Object, java.lang.Object, java.lang.Object, java.lang.Object, java.lang.Object)'> (0x00000000d583fd90) 
thrown [s\src\hotspot\share\interpreter\linkResolver.cpp, line 773]
Event: 28.108 Thread 0x000001c21471c8d0 Exception <a 'java/lang/NoSuchMethodError'{0x00000000d5712db8}: 'java.lang.Object java.lang.invoke.DirectMethodHandle$Holder.newInvokeSpecial(java.lang.Object, java.lang.Object, java.lang.Object, java.lang.Object, java.lang.Object, java.lang.Object, java.lang.Object)'> (0x00000000d5712db8) 
thrown [s\src\hotspot\share\interpreter\linkResolver.cpp, line 773]
Event: 28.121 Thread 0x000001c21471c8d0 Exception <a 'java/lang/NoSuchMethodError'{0x00000000d5a87ca0}: 'void java.lang.invoke.DirectMethodHandle$Holder.invokeInterface(java.lang.Object, java.lang.Object)'> (0x00000000d5a87ca0) 
thrown [s\src\hotspot\share\interpreter\linkResolver.cpp, line 773]
Event: 28.130 Thread 0x000001c215630970 Exception <a 'java/lang/NoSuchMethodError'{0x00000000d5cc4220}: 'void java.lang.invoke.DirectMethodHandle$Holder.invokeSpecial(java.lang.Object, java.lang.Object, java.lang.Object, java.lang.Object, java.lang.Object, java.lang.Object, java.lang.Object, java.lang.Object)'> (0x00000000d5cc4220) 
thrown [s\src\hotspot\share\interpreter\linkResolver.cpp, line 773]
Event: 28.130 Thread 0x000001c215631d20 Exception <a 'java/lang/NoSuchMethodError'{0x00000000d5cb5cc0}: 'void java.lang.invoke.DirectMethodHandle$Holder.invokeSpecial(java.lang.Object, java.lang.Object, java.lang.Object, java.lang.Object, java.lang.Object, java.lang.Object, java.lang.Object, java.lang.Object)'> (0x00000000d5cb5cc0) 
thrown [s\src\hotspot\share\interpreter\linkResolver.cpp, line 773]
Event: 28.130 Thread 0x000001c21562db80 Exception <a 'java/lang/NoSuchMethodError'{0x00000000d5cf51c0}: 'void java.lang.invoke.DirectMethodHandle$Holder.invokeSpecial(java.lang.Object, java.lang.Object, java.lang.Object, java.lang.Object, java.lang.Object, java.lang.Object, java.lang.Object, java.lang.Object)'> (0x00000000d5cf51c0) 
thrown [s\src\hotspot\share\interpreter\linkResolver.cpp, line 773]
Event: 28.130 Thread 0x000001c21562d4f0 Exception <a 'java/lang/NoSuchMethodError'{0x00000000d5c94bc8}: 'void java.lang.invoke.DirectMethodHandle$Holder.invokeSpecial(java.lang.Object, java.lang.Object, java.lang.Object, java.lang.Object, java.lang.Object, java.lang.Object, java.lang.Object, java.lang.Object)'> (0x00000000d5c94bc8) 
thrown [s\src\hotspot\share\interpreter\linkResolver.cpp, line 773]
Event: 28.130 Thread 0x000001c215631000 Exception <a 'java/lang/NoSuchMethodError'{0x00000000d5c9d7f8}: 'void java.lang.invoke.DirectMethodHandle$Holder.invokeSpecial(java.lang.Object, java.lang.Object, java.lang.Object, java.lang.Object, java.lang.Object, java.lang.Object, java.lang.Object, java.lang.Object)'> (0x00000000d5c9d7f8) 
thrown [s\src\hotspot\share\interpreter\linkResolver.cpp, line 773]
Event: 28.597 Thread 0x000001c21471c8d0 Implicit null exception at 0x000001c1c10e9f57 to 0x000001c1c10eafbc

ZGC Phase Switch (0 events):
No events

VM Operations (20 events):
Event: 28.505 Executing VM operation: ParallelGCFailedAllocation (Allocation Failure)
Event: 28.508 Executing VM operation: ParallelGCFailedAllocation (Allocation Failure) done
Event: 28.539 Executing VM operation: ParallelGCFailedAllocation (Allocation Failure)
Event: 28.540 Executing VM operation: ParallelGCFailedAllocation (Allocation Failure) done
Event: 28.572 Executing VM operation: ParallelGCFailedAllocation (Allocation Failure)
Event: 28.574 Executing VM operation: ParallelGCFailedAllocation (Allocation Failure) done
Event: 28.606 Executing VM operation: ParallelGCFailedAllocation (Allocation Failure)
Event: 28.608 Executing VM operation: ParallelGCFailedAllocation (Allocation Failure) done
Event: 28.632 Executing VM operation: ParallelGCFailedAllocation (Allocation Failure)
Event: 28.635 Executing VM operation: ParallelGCFailedAllocation (Allocation Failure) done
Event: 28.661 Executing VM operation: ParallelGCFailedAllocation (Allocation Failure)
Event: 28.663 Executing VM operation: ParallelGCFailedAllocation (Allocation Failure) done
Event: 28.695 Executing VM operation: ParallelGCFailedAllocation (Allocation Failure)
Event: 28.698 Executing VM operation: ParallelGCFailedAllocation (Allocation Failure) done
Event: 28.726 Executing VM operation: ParallelGCFailedAllocation (Allocation Failure)
Event: 28.728 Executing VM operation: ParallelGCFailedAllocation (Allocation Failure) done
Event: 28.759 Executing VM operation: ParallelGCFailedAllocation (Allocation Failure)
Event: 28.761 Executing VM operation: ParallelGCFailedAllocation (Allocation Failure) done
Event: 28.788 Executing VM operation: ParallelGCFailedAllocation (Allocation Failure)
Event: 28.790 Executing VM operation: ParallelGCFailedAllocation (Allocation Failure) done

Memory protections (0 events):
No events

Nmethod flushes (20 events):
Event: 19.157 Thread 0x000001c1b61ffa00 flushing  nmethod 0x000001c1b99af390
Event: 19.157 Thread 0x000001c1b61ffa00 flushing  nmethod 0x000001c1b99b0690
Event: 19.157 Thread 0x000001c1b61ffa00 flushing  nmethod 0x000001c1b99b0e10
Event: 19.157 Thread 0x000001c1b61ffa00 flushing  nmethod 0x000001c1b99b1b90
Event: 19.157 Thread 0x000001c1b61ffa00 flushing  nmethod 0x000001c1b99b2710
Event: 19.157 Thread 0x000001c1b61ffa00 flushing  nmethod 0x000001c1b99b3010
Event: 19.157 Thread 0x000001c1b61ffa00 flushing  nmethod 0x000001c1b99b4510
Event: 19.157 Thread 0x000001c1b61ffa00 flushing  nmethod 0x000001c1b99b4f10
Event: 19.157 Thread 0x000001c1b61ffa00 flushing  nmethod 0x000001c1b99beb10
Event: 19.157 Thread 0x000001c1b61ffa00 flushing  nmethod 0x000001c1b99bf010
Event: 19.157 Thread 0x000001c1b61ffa00 flushing  nmethod 0x000001c1b99bf510
Event: 19.157 Thread 0x000001c1b61ffa00 flushing  nmethod 0x000001c1b99d7190
Event: 19.157 Thread 0x000001c1b61ffa00 flushing  nmethod 0x000001c1b99df410
Event: 19.157 Thread 0x000001c1b61ffa00 flushing  nmethod 0x000001c1b99e9410
Event: 19.157 Thread 0x000001c1b61ffa00 flushing  nmethod 0x000001c1b99f3d10
Event: 19.157 Thread 0x000001c1b61ffa00 flushing  nmethod 0x000001c1b9a41a90
Event: 19.157 Thread 0x000001c1b61ffa00 flushing  nmethod 0x000001c1b9a66c90
Event: 19.157 Thread 0x000001c1b61ffa00 flushing  nmethod 0x000001c1b9a79610
Event: 19.157 Thread 0x000001c1b61ffa00 flushing  nmethod 0x000001c1b9ac9f90
Event: 19.157 Thread 0x000001c1b61ffa00 flushing  nmethod 0x000001c1b9aca390

Events (20 events):
Event: 23.978 Thread 0x000001c21562d4f0 Thread exited: 0x000001c21562d4f0
Event: 23.982 Thread 0x000001c21562ef30 Thread exited: 0x000001c21562ef30
Event: 23.982 Thread 0x000001c21562fc50 Thread exited: 0x000001c21562fc50
Event: 24.008 Thread 0x000001c1b621d0f0 Thread added: 0x000001c214dbf4f0
Event: 25.017 Thread 0x000001c214dbf4f0 Thread exited: 0x000001c214dbf4f0
Event: 25.109 Thread 0x000001c1b621d0f0 Thread added: 0x000001c214dbd2e0
Event: 25.836 Thread 0x000001c21471d5f0 Thread added: 0x000001c21562c7d0
Event: 25.839 Thread 0x000001c214dbd2e0 Thread exited: 0x000001c214dbd2e0
Event: 25.995 Thread 0x000001c1b621d0f0 Thread added: 0x000001c214dbf4f0
Event: 26.076 Thread 0x000001c1b621d0f0 Thread added: 0x000001c214dbcc10
Event: 28.128 Thread 0x000001c21471c8d0 Thread added: 0x000001c215630970
Event: 28.129 Thread 0x000001c21471c8d0 Thread added: 0x000001c21562d4f0
Event: 28.129 Thread 0x000001c21471c8d0 Thread added: 0x000001c215631000
Event: 28.129 Thread 0x000001c21471c8d0 Thread added: 0x000001c21562db80
Event: 28.129 Thread 0x000001c21471c8d0 Thread added: 0x000001c215631d20
Event: 28.559 Thread 0x000001c215631d20 Thread exited: 0x000001c215631d20
Event: 28.559 Thread 0x000001c215631000 Thread exited: 0x000001c215631000
Event: 28.559 Thread 0x000001c21562db80 Thread exited: 0x000001c21562db80
Event: 28.559 Thread 0x000001c21562d4f0 Thread exited: 0x000001c21562d4f0
Event: 28.559 Thread 0x000001c215630970 Thread exited: 0x000001c215630970


Dynamic libraries:
0x00007ff7f87e0000 - 0x00007ff7f87ee000 	c:\Users\Phu\.vscode\extensions\redhat.java-1.43.1-win32-x64\jre\21.0.7-win32-x86_64\bin\java.exe
0x00007ffaab9c0000 - 0x00007ffaabc28000 	C:\WINDOWS\SYSTEM32\ntdll.dll
0x00007ffaab100000 - 0x00007ffaab1c9000 	C:\WINDOWS\System32\KERNEL32.DLL
0x00007ffaa8f30000 - 0x00007ffaa931d000 	C:\WINDOWS\System32\KERNELBASE.dll
0x00007ffaa9320000 - 0x00007ffaa946b000 	C:\WINDOWS\System32\ucrtbase.dll
0x00007ffa42a30000 - 0x00007ffa42a48000 	c:\Users\Phu\.vscode\extensions\redhat.java-1.43.1-win32-x64\jre\21.0.7-win32-x86_64\bin\jli.dll
0x00007ffa5aa40000 - 0x00007ffa5aa5e000 	c:\Users\Phu\.vscode\extensions\redhat.java-1.43.1-win32-x64\jre\21.0.7-win32-x86_64\bin\VCRUNTIME140.dll
0x00007ffaa98b0000 - 0x00007ffaa9a7c000 	C:\WINDOWS\System32\USER32.dll
0x00007ffaa9470000 - 0x00007ffaa9497000 	C:\WINDOWS\System32\win32u.dll
0x00007ffa8dd00000 - 0x00007ffa8df9a000 	C:\WINDOWS\WinSxS\amd64_microsoft.windows.common-controls_6595b64144ccf1df_6.0.26100.4484_none_3e0e6d4ce32ef3b3\COMCTL32.dll
0x00007ffaa9800000 - 0x00007ffaa98a9000 	C:\WINDOWS\System32\msvcrt.dll
0x00007ffaaab20000 - 0x00007ffaaab4b000 	C:\WINDOWS\System32\GDI32.dll
0x00007ffaa8c90000 - 0x00007ffaa8dc7000 	C:\WINDOWS\System32\gdi32full.dll
0x00007ffaa96b0000 - 0x00007ffaa9753000 	C:\WINDOWS\System32\msvcp_win.dll
0x00007ffaab3c0000 - 0x00007ffaab3ef000 	C:\WINDOWS\System32\IMM32.DLL
0x00007ffa7ac60000 - 0x00007ffa7ac6c000 	c:\Users\Phu\.vscode\extensions\redhat.java-1.43.1-win32-x64\jre\21.0.7-win32-x86_64\bin\vcruntime140_1.dll
0x00007ffa22090000 - 0x00007ffa2211d000 	c:\Users\Phu\.vscode\extensions\redhat.java-1.43.1-win32-x64\jre\21.0.7-win32-x86_64\bin\msvcp140.dll
0x00007ff9bf6a0000 - 0x00007ff9c0430000 	c:\Users\Phu\.vscode\extensions\redhat.java-1.43.1-win32-x64\jre\21.0.7-win32-x86_64\bin\server\jvm.dll
0x00007ffaab250000 - 0x00007ffaab304000 	C:\WINDOWS\System32\ADVAPI32.dll
0x00007ffaaab50000 - 0x00007ffaaabf6000 	C:\WINDOWS\System32\sechost.dll
0x00007ffaab4c0000 - 0x00007ffaab5d8000 	C:\WINDOWS\System32\RPCRT4.dll
0x00007ffaab1d0000 - 0x00007ffaab244000 	C:\WINDOWS\System32\WS2_32.dll
0x00007ffaa8960000 - 0x00007ffaa89be000 	C:\WINDOWS\SYSTEM32\POWRPROF.dll
0x00007ffa9caf0000 - 0x00007ffa9cafb000 	C:\WINDOWS\SYSTEM32\VERSION.dll
0x00007ffa8e150000 - 0x00007ffa8e185000 	C:\WINDOWS\SYSTEM32\WINMM.dll
0x00007ffaa8940000 - 0x00007ffaa8954000 	C:\WINDOWS\SYSTEM32\UMPDC.dll
0x00007ffaa7880000 - 0x00007ffaa789b000 	C:\WINDOWS\SYSTEM32\kernel.appcore.dll
0x00007ffa737b0000 - 0x00007ffa737ba000 	c:\Users\Phu\.vscode\extensions\redhat.java-1.43.1-win32-x64\jre\21.0.7-win32-x86_64\bin\jimage.dll
0x00007ffaa6400000 - 0x00007ffaa6641000 	C:\WINDOWS\SYSTEM32\DBGHELP.DLL
0x00007ffaab5e0000 - 0x00007ffaab966000 	C:\WINDOWS\System32\combase.dll
0x00007ffaa9f10000 - 0x00007ffaa9ff0000 	C:\WINDOWS\System32\OLEAUT32.dll
0x00007ffa8dc90000 - 0x00007ffa8dcd3000 	C:\WINDOWS\SYSTEM32\dbgcore.DLL
0x00007ffaa8e90000 - 0x00007ffaa8f29000 	C:\WINDOWS\System32\bcryptPrimitives.dll
0x00007ffa71bb0000 - 0x00007ffa71bbf000 	c:\Users\Phu\.vscode\extensions\redhat.java-1.43.1-win32-x64\jre\21.0.7-win32-x86_64\bin\instrument.dll
0x00007ffa42120000 - 0x00007ffa4213f000 	c:\Users\Phu\.vscode\extensions\redhat.java-1.43.1-win32-x64\jre\21.0.7-win32-x86_64\bin\java.dll
0x00007ffaaa3d0000 - 0x00007ffaaab1a000 	C:\WINDOWS\System32\SHELL32.dll
0x00007ffaa9530000 - 0x00007ffaa96a4000 	C:\WINDOWS\System32\wintypes.dll
0x00007ffaa6730000 - 0x00007ffaa6f8b000 	C:\WINDOWS\SYSTEM32\windows.storage.dll
0x00007ffaaa0f0000 - 0x00007ffaaa1e5000 	C:\WINDOWS\System32\SHCORE.dll
0x00007ffaaa000000 - 0x00007ffaaa06a000 	C:\WINDOWS\System32\shlwapi.dll
0x00007ffaa8a20000 - 0x00007ffaa8a4f000 	C:\WINDOWS\SYSTEM32\profapi.dll
0x00007ffa942f0000 - 0x00007ffa94308000 	c:\Users\Phu\.vscode\extensions\redhat.java-1.43.1-win32-x64\jre\21.0.7-win32-x86_64\bin\zip.dll
0x00007ffa65200000 - 0x00007ffa65210000 	C:\Users\Phu\.vscode\extensions\redhat.java-1.43.1-win32-x64\jre\21.0.7-win32-x86_64\bin\net.dll
0x00007ffa9eb10000 - 0x00007ffa9ec2e000 	C:\WINDOWS\SYSTEM32\WINHTTP.dll
0x00007ffaa7e40000 - 0x00007ffaa7eaa000 	C:\WINDOWS\system32\mswsock.dll
0x00007ffa40800000 - 0x00007ffa40816000 	C:\Users\Phu\.vscode\extensions\redhat.java-1.43.1-win32-x64\jre\21.0.7-win32-x86_64\bin\nio.dll
0x00007ffa717a0000 - 0x00007ffa717b0000 	c:\Users\Phu\.vscode\extensions\redhat.java-1.43.1-win32-x64\jre\21.0.7-win32-x86_64\bin\verify.dll
0x00007ffa39cb0000 - 0x00007ffa39cf5000 	C:\Users\Phu\AppData\Roaming\Code\User\globalStorage\redhat.java\1.43.1\config_win\org.eclipse.equinox.launcher\org.eclipse.equinox.launcher.win32.win32.x86_64_1.2.1300.v20250331-1702\eclipse_11911.dll
0x00007ffaaade0000 - 0x00007ffaaaf7e000 	C:\WINDOWS\System32\ole32.dll
0x00007ffa71790000 - 0x00007ffa7179a000 	C:\Users\Phu\.vscode\extensions\redhat.java-1.43.1-win32-x64\jre\21.0.7-win32-x86_64\bin\management.dll
0x00007ffa5f130000 - 0x00007ffa5f13b000 	C:\Users\Phu\.vscode\extensions\redhat.java-1.43.1-win32-x64\jre\21.0.7-win32-x86_64\bin\management_ext.dll
0x00007ffaab970000 - 0x00007ffaab978000 	C:\WINDOWS\System32\PSAPI.DLL
0x00007ffaa8100000 - 0x00007ffaa811b000 	C:\WINDOWS\SYSTEM32\CRYPTSP.dll
0x00007ffaa77e0000 - 0x00007ffaa781b000 	C:\WINDOWS\system32\rsaenh.dll
0x00007ffaa7ee0000 - 0x00007ffaa7f0b000 	C:\WINDOWS\SYSTEM32\USERENV.dll
0x00007ffaa89f0000 - 0x00007ffaa8a16000 	C:\WINDOWS\SYSTEM32\bcrypt.dll
0x00007ffaa80f0000 - 0x00007ffaa80fc000 	C:\WINDOWS\SYSTEM32\CRYPTBASE.dll
0x00007ffaa7280000 - 0x00007ffaa72b3000 	C:\WINDOWS\SYSTEM32\IPHLPAPI.DLL
0x00007ffaab400000 - 0x00007ffaab40a000 	C:\WINDOWS\System32\NSI.dll
0x00007ffa2ee20000 - 0x00007ffa2ee69000 	C:\Users\Phu\AppData\Local\Temp\jna-80221\jna11456834869756920741.dll
0x00007ffa9e9b0000 - 0x00007ffa9e9cf000 	C:\WINDOWS\SYSTEM32\dhcpcsvc6.DLL
0x00007ffa9e500000 - 0x00007ffa9e525000 	C:\WINDOWS\SYSTEM32\dhcpcsvc.DLL
0x00007ffa5e8c0000 - 0x00007ffa5e8ce000 	C:\Users\Phu\.vscode\extensions\redhat.java-1.43.1-win32-x64\jre\21.0.7-win32-x86_64\bin\sunmscapi.dll
0x00007ffaa8b10000 - 0x00007ffaa8c87000 	C:\WINDOWS\System32\CRYPT32.dll
0x00007ffaa8310000 - 0x00007ffaa8340000 	C:\WINDOWS\SYSTEM32\ncrypt.dll
0x00007ffaa82c0000 - 0x00007ffaa82ff000 	C:\WINDOWS\SYSTEM32\NTASN1.dll
0x00007ffaa7370000 - 0x00007ffaa7496000 	C:\WINDOWS\SYSTEM32\DNSAPI.dll
0x00007ffa9c1f0000 - 0x00007ffa9c1fb000 	C:\Windows\System32\rasadhlp.dll
0x00007ffa5e610000 - 0x00007ffa5e619000 	C:\Users\Phu\.vscode\extensions\redhat.java-1.43.1-win32-x64\jre\21.0.7-win32-x86_64\bin\extnet.dll

dbghelp: loaded successfully - version: 4.0.5 - missing functions: none
symbol engine: initialized successfully - sym options: 0x614 - pdb path: .;c:\Users\Phu\.vscode\extensions\redhat.java-1.43.1-win32-x64\jre\21.0.7-win32-x86_64\bin;C:\WINDOWS\SYSTEM32;C:\WINDOWS\WinSxS\amd64_microsoft.windows.common-controls_6595b64144ccf1df_6.0.26100.4484_none_3e0e6d4ce32ef3b3;c:\Users\Phu\.vscode\extensions\redhat.java-1.43.1-win32-x64\jre\21.0.7-win32-x86_64\bin\server;C:\Users\Phu\AppData\Roaming\Code\User\globalStorage\redhat.java\1.43.1\config_win\org.eclipse.equinox.launcher\org.eclipse.equinox.launcher.win32.win32.x86_64_1.2.1300.v20250331-1702;C:\Users\Phu\AppData\Local\Temp\jna-80221

VM Arguments:
jvm_args: --add-modules=ALL-SYSTEM --add-opens=java.base/java.util=ALL-UNNAMED --add-opens=java.base/java.lang=ALL-UNNAMED --add-opens=java.base/sun.nio.fs=ALL-UNNAMED -Declipse.application=org.eclipse.jdt.ls.core.id1 -Dosgi.bundles.defaultStartLevel=4 -Declipse.product=org.eclipse.jdt.ls.core.product -Djava.import.generatesMetadataFilesAtProjectRoot=false -DDetectVMInstallationsJob.disabled=true -Dfile.encoding=utf8 -XX:+UseParallelGC -XX:GCTimeRatio=4 -XX:AdaptiveSizePolicyWeight=90 -Dsun.zip.disableMemoryMapping=true -Xmx2G -Xms100m -Xlog:disable -javaagent:c:\Users\Phu\.vscode\extensions\redhat.java-1.43.1-win32-x64\lombok\lombok-1.18.39-4050.jar -XX:+HeapDumpOnOutOfMemoryError -XX:HeapDumpPath=c:\Users\Phu\AppData\Roaming\Code\User\workspaceStorage\a4df0ab0de8a8e70f8b7bdd6c0e9afb4\redhat.java -Daether.dependencyCollector.impl=bf 
java_command: c:\Users\Phu\.vscode\extensions\redhat.java-1.43.1-win32-x64\server\plugins\org.eclipse.equinox.launcher_1.7.0.v20250519-0528.jar -configuration c:\Users\Phu\AppData\Roaming\Code\User\globalStorage\redhat.java\1.43.1\config_win -data c:\Users\Phu\AppData\Roaming\Code\User\workspaceStorage\a4df0ab0de8a8e70f8b7bdd6c0e9afb4\redhat.java\jdt_ws --pipe=\\.\pipe\lsp-c195bac011241dc63cac417870862525-sock
java_class_path (initial): c:\Users\Phu\.vscode\extensions\redhat.java-1.43.1-win32-x64\server\plugins\org.eclipse.equinox.launcher_1.7.0.v20250519-0528.jar
Launcher Type: SUN_STANDARD

[Global flags]
    uintx AdaptiveSizePolicyWeight                 = 90                                        {product} {command line}
     intx CICompilerCount                          = 4                                         {product} {ergonomic}
    uintx GCTimeRatio                              = 4                                         {product} {command line}
     bool HeapDumpOnOutOfMemoryError               = true                                   {manageable} {command line}
    ccstr HeapDumpPath                             = c:\Users\Phu\AppData\Roaming\Code\User\workspaceStorage\a4df0ab0de8a8e70f8b7bdd6c0e9afb4\redhat.java         {manageable} {command line}
   size_t InitialHeapSize                          = 104857600                                 {product} {command line}
   size_t MaxHeapSize                              = 2147483648                                {product} {command line}
   size_t MaxNewSize                               = 715653120                                 {product} {ergonomic}
   size_t MinHeapDeltaBytes                        = 524288                                    {product} {ergonomic}
   size_t MinHeapSize                              = 104857600                                 {product} {command line}
   size_t NewSize                                  = 34603008                                  {product} {ergonomic}
    uintx NonNMethodCodeHeapSize                   = 5839372                                {pd product} {ergonomic}
    uintx NonProfiledCodeHeapSize                  = 122909434                              {pd product} {ergonomic}
   size_t OldSize                                  = 70254592                                  {product} {ergonomic}
    uintx ProfiledCodeHeapSize                     = 122909434                              {pd product} {ergonomic}
    uintx ReservedCodeCacheSize                    = 251658240                              {pd product} {ergonomic}
     bool SegmentedCodeCache                       = true                                      {product} {ergonomic}
   size_t SoftMaxHeapSize                          = 2147483648                             {manageable} {ergonomic}
     bool UseCompressedOops                        = true                           {product lp64_product} {ergonomic}
     bool UseLargePagesIndividualAllocation        = false                                  {pd product} {ergonomic}
     bool UseParallelGC                            = true                                      {product} {command line}

Logging:
Log output configuration:
 #0: stdout all=off uptime,level,tags foldmultilines=false
 #1: stderr all=off uptime,level,tags foldmultilines=false

Environment Variables:
PATH=C:\app\Phu\product\21c\dbhomeXE\bin;D:\u01\app\oracle\product\21c\db_home\WINDOWS.X64_213000_db_home\bin;D:\oracle\21c\bin;C:\Program Files\Common Files\Oracle\Java\javapath;C:\Program Files\Python310\Scripts\;C:\Program Files\Python310\;C:\Program Files (x86)\Common Files\Oracle\Java\javapath;C:\Windows\system32;C:\Windows;C:\Windows\System32\Wbem;C:\Windows\System32\WindowsPowerShell\v1.0\;C:\Windows\System32\OpenSSH\;C:\Program Files (x86)\NVIDIA Corporation\PhysX\Common;C:\Program Files\NVIDIA Corporation\NVIDIA NvDLISR;C:\WINDOWS\system32;C:\WINDOWS;C:\WINDOWS\System32\Wbem;C:\WINDOWS\System32\WindowsPowerShell\v1.0\;C:\WINDOWS\System32\OpenSSH\;C:\Program Files\Cloudflare\Cloudflare WARP\;C:\Program Files\Java\jre-1.8\bin;C:\Program Files (x86)\Microsoft SQL Server\160\Tools\Binn\;C:\Program Files\Microsoft SQL Server\160\Tools\Binn\;C:\Program Files\Microsoft SQL Server\Client SDK\ODBC\170\Tools\Binn\;C:\Program Files\Microsoft SQL Server\160\DTS\Binn\;C:\Program Files (x86)\Microsoft SQL Server\160\DTS\Binn\;C:\Program Files\Azure Data Studio\bin;C:\Program Files\Git\cmd;C:\Program Files\dotnet\;C:\Program Files\nodejs\;C:\Users\Phu\Downloads\Graphviz\bin;D:\My workspace\apache-maven-3.9.9-bin\apache-maven-3.9.9\bin;C:\Users\Phu\Downloads\mongosh-2.4.2-win32-x64\mongosh-2.4.2-win32-x64\bin;C:\Program Files\MATLAB\R2025a\bin;D:\Microsoft VS Code\bin;C:\Users\Phu\AppData\Local\Microsoft\WindowsApps;C:\Users\Phu\AppData\Local\Programs\cursor\resources\app\bin;C:\Users\Phu\AppData\Roaming\npm;C:\Program Files\MongoDB\Server\8.0\bin;
USERNAME=Phu
OS=Windows_NT
PROCESSOR_IDENTIFIER=Intel64 Family 6 Model 141 Stepping 1, GenuineIntel
TMP=C:\Users\Phu\AppData\Local\Temp
TEMP=C:\Users\Phu\AppData\Local\Temp




Periodic native trim disabled

---------------  S Y S T E M  ---------------

OS:
 Windows 11 , 64 bit Build 26100 (10.0.26100.4484)
OS uptime: 0 days 12:40 hours
Hyper-V role detected

CPU: total 12 (initial active 12) (6 cores per cpu, 2 threads per core) family 6 model 141 stepping 1 microcode 0x3c, cx8, cmov, fxsr, ht, mmx, 3dnowpref, sse, sse2, sse3, ssse3, sse4.1, sse4.2, popcnt, lzcnt, tsc, tscinvbit, avx, avx2, aes, erms, clmul, bmi1, bmi2, adx, avx512f, avx512dq, avx512cd, avx512bw, avx512vl, sha, fma, vzeroupper, avx512_vpopcntdq, avx512_vpclmulqdq, avx512_vaes, avx512_vnni, clflush, clflushopt, clwb, avx512_vbmi2, avx512_vbmi, hv, rdtscp, rdpid, fsrm, gfni, avx512_bitalg, f16c, cet_ibt, cet_ss, avx512_ifma
Processor Information for the first 12 processors :
  Max Mhz: 2688, Current Mhz: 2688, Mhz Limit: 2688

Memory: 4k page, system-wide physical 7971M (527M free)
TotalPageFile size 20471M (AvailPageFile size 18M)
current process WorkingSet (physical memory assigned to process): 377M, peak: 377M
current process commit charge ("private bytes"): 440M, peak: 442M

vm_info: OpenJDK 64-Bit Server VM (21.0.7+6-LTS) for windows-amd64 JRE (21.0.7+6-LTS), built on 2025-04-15T00:00:00Z by "admin" with MS VC++ 17.7 (VS2022)

END.
